1506904177272	c942cf2851844072b78e8e71d907bdf3	64776	71750
1506932377272	6bb8e074cd4e4e2b8ef6955d8a56c115	95189	57625
1506923977272	bf2a5bb0c90e45e0bf2c60646f920de4	88654	57258
1506914797272	06bff071925044719aed11e8210cff1e	68572	84244
1506915217272	6524cf35b21645ec902ff20a02783620	22193	70413
1506931957272	6524cf35b21645ec902ff20a02783620	71394	22903
1506918397272	c942cf2851844072b78e8e71d907bdf3	78147	44527
1506916057272	f70d6b7169b04a1dbd8cd645137d746c	96605	80899
1506913897272	6bb8e074cd4e4e2b8ef6955d8a56c115	52494	28321
1506900937272	06bff071925044719aed11e8210cff1e	17565	70890
1506908857272	4d6ff19d88ae457087eeb204aa5a9da7	74296	73317
1506928057272	b2a0168d84ae4e76a88ae249fe02a645	23500	24880
1506917557272	c4608454bb464d7f8d5f2391307b4867	73472	95313
1506929137272	bbf4436060bc4d26957817adf234e333	52847	78314
1506919057272	09e458c07bfe4cde91a5d6315ce3c3f8	73920	94283
1506930577272	eaef54bce67b48d597ca63e77dd4e5c5	54339	31650
1506914377272	cf21db3ccd7647c38f6f0c1c6862267e	74795	34093
1506931177272	bb5ecb07fbaf4ff692555f92d7b134dd	6594	45328
1506929797272	918532125e1b46838cecc41edf959332	91278	33794
1506931537272	a465c6c396564cd98ea9452931e5d923	8958	88130
1506908137272	1a82ac93e42d40769c8993b34e9128ba	6672	79047
1506908617272	93756c6b4e17490a946ab85d49663573	56611	96244
1506923437272	d4dd8267f8d446fbba88f21e35f50106	79155	36010
1506922777272	926ae767652243948b7afc7bfbca2a17	34518	55128
1506925417272	9b7e309eb052483f80d5f2371d5f0802	99314	25774
1506932977272	5fa49969aab446d5ae106eba5f513732	93945	49295
1506899617273	18819f9eaca74d1e97670b821c05844d	96739	56741
1506903457273	06bff071925044719aed11e8210cff1e	3078	77518
1506902017273	9166891715eb4e909e1b3c9c89efb6e5	15252	83828
1506912337273	7f02f33822204b309cc1d5995eafc830	30770	3738
1506906877273	de841db94e59480da53ff51e0cb18672	30672	34866
1506900517273	7fb268abd07a4202abbe1051ef86bd2e	16873	38763
1506932557273	83ceb6a312b24acd9343a6962454d828	64121	19304
1506926857273	7f02f33822204b309cc1d5995eafc830	76470	70444
1506907897273	aae8052af1dc43c2a22f05a58eab1492	59820	9105
1506906937273	63a800c7568e4f9aad99ac9f2722811c	92921	25177
1506934537273	e9d13be557964e919369cd425446f32a	83554	70395
1506920917273	83ceb6a312b24acd9343a6962454d828	30864	50591
1506924757273	7fb268abd07a4202abbe1051ef86bd2e	81163	49637
1506899197273	56c1a4e75c4443379277ac0c7ed2f0c5	36785	99710
1506917617273	e317c51976bd496ab054b0f301b94efe	92210	30174
1506914377273	70cb7befd07441238eab644ef34dcb16	70955	52426
1506926977273	c1d7139d585a49c69dba626df62ff931	94558	44972
1506917677273	c942cf2851844072b78e8e71d907bdf3	53514	50981
1506926617273	1e891dd0094d4d27a29e3c6c677452a0	66060	99522
1506926917273	9166891715eb4e909e1b3c9c89efb6e5	69106	88775
1506930817273	5fa49969aab446d5ae106eba5f513732	3736	6375
1506910297273	f70d6b7169b04a1dbd8cd645137d746c	83905	6326
1506929437273	4a985a6449a24a44914bb7d66ed663a3	94579	11702
1506929917273	5fa49969aab446d5ae106eba5f513732	38863	54381
1506934537273	65f1928d8da04bb587c9df5aa9079ac2	27819	35576
1506931717273	c1d7139d585a49c69dba626df62ff931	37678	30872
1506923737273	f962bf1ab82c44628bea683222d3ec08	29928	9803
1506910897273	a465c6c396564cd98ea9452931e5d923	44747	51222
1506927157273	f70d6b7169b04a1dbd8cd645137d746c	522	14590
1506911077273	65f1928d8da04bb587c9df5aa9079ac2	33421	14326
1506934657274	335c6a9dd4ac427d8774139438252ab2	11246	2130
1506915157274	b68d4e275fe245958474e1fc6e020c98	77587	66234
1506931777274	a5cdb5a727e54080b9b6bb59ebd41e69	78696	87002
1506901177274	a6ff32ebc9364b3f95ea0bb118ae9f63	11544	87254
1506909817274	de1c115ecedd488fa5a6fc88c392db07	68008	85883
1506908137274	c4608454bb464d7f8d5f2391307b4867	22576	51665
1506912577274	f962bf1ab82c44628bea683222d3ec08	46487	94860
1506918517274	abcaf55c5a4f40d1a4573dc695506d1f	41098	79586
1506900277274	a465c6c396564cd98ea9452931e5d923	59096	4151
1506922117274	70cb7befd07441238eab644ef34dcb16	49005	46771
1506906037274	a988e61d21a543338abbc7cfa425285a	74825	597
1506908497274	f311dab7040d48328b0413f3d6e42e69	37341	23170
1506921037274	7471bdbebec74cad9c483d6db761f888	77025	2966
1506924577274	5ad478c662e44c3eaba57f75fa140d6f	56084	83834
1506902197274	15eaa6c2098c46fdb608bedad216c742	20945	34550
1506918097274	b2a0168d84ae4e76a88ae249fe02a645	76619	83742
1506918337274	8df03ec8f2c34ff38d8d707eda85834b	32133	93384
1506917557274	a770bebba98649438dd751382cef8fcd	25489	15646
1506905017274	8c39e9d7c4044b5fa3dd7f7b6d1c2573	78274	39311
1506913957274	bbf4436060bc4d26957817adf234e333	98095	96800
1506915397274	7fb268abd07a4202abbe1051ef86bd2e	55303	14591
1506922657274	e441893d58444273b77d4f726098fb45	13484	39832
1506932317274	ce505ad1469444a985d5d7334d82f980	6990	54944
1506926317274	a7bd603c9f98402db6c20f2e1ab5ced2	67877	89263
1506930457274	c3273e7f44a946128a72eb27392c368b	8553	6443
1506926077275	8e7c7f3ef84f4303b5d4ee220c35eef8	71313	88287
1506903097275	952a365202c4499a8b55670b5a28b8be	99303	82026
1506917857275	411c13f59288421e800866a89f3930de	57029	35956
1506915697275	926ae767652243948b7afc7bfbca2a17	65646	80219
1506918817275	535a9bcf126d48f591c9a635ee405123	30155	46092
1506919597275	bb5ecb07fbaf4ff692555f92d7b134dd	29568	86350
1506915517275	8e7c7f3ef84f4303b5d4ee220c35eef8	99914	54488
1506922057275	cf21db3ccd7647c38f6f0c1c6862267e	28472	57954
1506914377275	d4dd8267f8d446fbba88f21e35f50106	8835	11896
1506925417275	b68d4e275fe245958474e1fc6e020c98	5228	56779
1506901177275	bb5ecb07fbaf4ff692555f92d7b134dd	73328	29378
1506913117275	74ddd26134b7450a80c891be87fd4f78	68714	5263
1506915757275	e1cc32a17d8342649ec692f129f8f908	62053	36764
1506933937275	411c13f59288421e800866a89f3930de	43228	92995
1506913837275	d4dd8267f8d446fbba88f21e35f50106	92113	63677
1506899077275	b2a0168d84ae4e76a88ae249fe02a645	62118	73650
1506908617275	9166891715eb4e909e1b3c9c89efb6e5	5595	78959
1506923257275	a465c6c396564cd98ea9452931e5d923	46084	23606
1506903637275	e1cc32a17d8342649ec692f129f8f908	34374	90735
1506933757275	93756c6b4e17490a946ab85d49663573	70607	19036
1506925237275	fade0ced07fa4eecbd7443caf9ffa85d	32847	73611
1506904477275	70cb7befd07441238eab644ef34dcb16	9462	20356
1506917197275	be5664d6ca154322a9e0aee1193966a8	64620	66082
1506929497275	2db0093659ae442895324c1c438fed9a	28551	99583
1506924397275	e1cc32a17d8342649ec692f129f8f908	75116	7239
1506920857276	7c7f2da51484449aac5909f852b8586e	28229	21807
1506913837276	ce505ad1469444a985d5d7334d82f980	48123	81182
1506931837276	926ae767652243948b7afc7bfbca2a17	91888	83401
1506901897276	1a82ac93e42d40769c8993b34e9128ba	34844	74397
1506909697276	063c0ce1758840ef8385c25e00e127f2	91011	23093
1506913357276	d4dd8267f8d446fbba88f21e35f50106	30191	62732
1506921277276	30cbfd330e11497fa272ef9b34629fab	8622	76460
1506920677276	07309c1286e143a996fadd4d5c5013ab	18762	15525
1506917077276	9166891715eb4e909e1b3c9c89efb6e5	88385	99545
1506933097276	921d589d9a144f318227d8a38e0bb903	15458	73812
1506900337276	93756c6b4e17490a946ab85d49663573	16227	4729
1506916057276	65f1928d8da04bb587c9df5aa9079ac2	38113	69559
1506919177276	be5664d6ca154322a9e0aee1193966a8	17524	51898
1506921757276	544baf9c51f0456da2233f1cdca61fc5	60814	20478
1506913657276	7f02f33822204b309cc1d5995eafc830	41169	59295
1506911077276	9b7e309eb052483f80d5f2371d5f0802	64938	33163
1506927037276	09e458c07bfe4cde91a5d6315ce3c3f8	13742	58809
1506904417276	335c6a9dd4ac427d8774139438252ab2	80943	40179
1506914857276	535a9bcf126d48f591c9a635ee405123	44123	92911
1506919417276	c942cf2851844072b78e8e71d907bdf3	35153	60
1506931657276	f962bf1ab82c44628bea683222d3ec08	86432	55543
1506920497276	62b06fc99e794afb932fd4e12222daf0	30686	15516
1506903517276	aae8052af1dc43c2a22f05a58eab1492	44258	2170
1506900757276	1a82ac93e42d40769c8993b34e9128ba	45567	1567
1506912457276	6bb8e074cd4e4e2b8ef6955d8a56c115	80734	31763
1506930817276	8df03ec8f2c34ff38d8d707eda85834b	79895	66145
1506928657276	7471bdbebec74cad9c483d6db761f888	93547	92880
1506915157277	b2a0168d84ae4e76a88ae249fe02a645	95648	92592
1506910417277	30cbfd330e11497fa272ef9b34629fab	84218	70767
1506927217277	70cb7befd07441238eab644ef34dcb16	46547	38763
1506931297277	8e7c7f3ef84f4303b5d4ee220c35eef8	88855	70082
1506899437277	f962bf1ab82c44628bea683222d3ec08	40990	13285
1506915937277	09e458c07bfe4cde91a5d6315ce3c3f8	72582	21515
1506921817277	3871751d098744ea9f7ffe443d28ea5f	80205	18722
1506913597277	a5cdb5a727e54080b9b6bb59ebd41e69	89320	77632
1506905497277	335c6a9dd4ac427d8774139438252ab2	58659	79735
1506921037277	3871751d098744ea9f7ffe443d28ea5f	42902	12903
1506930517277	699f78b9a1484242868728e126e3930a	58144	28814
1506933037277	c1faf20d55834de38e43267bb3516bdc	30242	83194
1506929497277	a465c6c396564cd98ea9452931e5d923	43898	59391
1506928057277	3bc39453b5be42be80f25f8984760cbb	99162	94404
1506926077277	b7dc368c1e9f4d4da9ae2573fd8c15b1	4133	78712
1506905437277	a770bebba98649438dd751382cef8fcd	81158	62818
1506916957277	b68d4e275fe245958474e1fc6e020c98	31117	77334
1506906097277	30cbfd330e11497fa272ef9b34629fab	84231	72579
1506916297277	24f0edeaaf244ed18142812f4c87e554	5113	54185
1506906577277	06bff071925044719aed11e8210cff1e	91864	53576
1506928777277	7c7f2da51484449aac5909f852b8586e	71560	45267
1506921277277	fade0ced07fa4eecbd7443caf9ffa85d	61038	49284
1506920437277	544baf9c51f0456da2233f1cdca61fc5	10260	73417
1506934657277	d6c3fc8326c14e95a86f556819f86cdb	19642	19324
1506900817277	63a800c7568e4f9aad99ac9f2722811c	25651	6832
1506917197277	a1a20d0fe5c84d9fb4d545eba15924bc	48131	43975
1506924637277	63a800c7568e4f9aad99ac9f2722811c	43986	33824
1506907297277	9166891715eb4e909e1b3c9c89efb6e5	39629	58126
1506912397277	7f02f33822204b309cc1d5995eafc830	37338	49284
1506932257277	07309c1286e143a996fadd4d5c5013ab	85014	91149
1506914137277	b2a0168d84ae4e76a88ae249fe02a645	42830	40536
1506906997277	de841db94e59480da53ff51e0cb18672	73430	21872
1506929437278	a1a20d0fe5c84d9fb4d545eba15924bc	4712	78601
1506901777278	9166891715eb4e909e1b3c9c89efb6e5	43452	77398
1506902977278	7471bdbebec74cad9c483d6db761f888	77024	45272
1506924397278	8e7c7f3ef84f4303b5d4ee220c35eef8	92277	16561
1506913177278	6d313d000b674003813e8eab6dd06b10	32135	19063
1506909877278	b2a0168d84ae4e76a88ae249fe02a645	18310	79876
1506927157278	cd32d345927c444f91dd7a9e1d4eb37c	51941	28617
1506932137278	aae8052af1dc43c2a22f05a58eab1492	75471	95619
1506905557278	bf2a5bb0c90e45e0bf2c60646f920de4	13089	30918
1506906217278	abcaf55c5a4f40d1a4573dc695506d1f	99335	12469
1506933097278	a6ff32ebc9364b3f95ea0bb118ae9f63	95767	85556
1506914917278	212bb2a4d4b3446ebf2a2348382f2038	73156	23829
1506916597278	d4dd8267f8d446fbba88f21e35f50106	97824	23214
1506919717278	7fb268abd07a4202abbe1051ef86bd2e	94258	1548
1506927577278	2b9b45941a3f4f439a01d0894043e524	68559	92225
1506918037278	c1faf20d55834de38e43267bb3516bdc	92216	49720
1506927277278	b7dc368c1e9f4d4da9ae2573fd8c15b1	53200	51945
1506920677278	ce505ad1469444a985d5d7334d82f980	69689	86568
1506927997278	2b9b45941a3f4f439a01d0894043e524	26410	19736
1506929557278	07309c1286e143a996fadd4d5c5013ab	63470	71229
1506922777278	a1a20d0fe5c84d9fb4d545eba15924bc	98043	75247
1506927397278	411c13f59288421e800866a89f3930de	58510	63947
1506918037278	63a800c7568e4f9aad99ac9f2722811c	99424	7299
1506904417278	15eaa6c2098c46fdb608bedad216c742	52647	57941
1506929137278	7f02f33822204b309cc1d5995eafc830	26764	6425
1506926557278	b2a0168d84ae4e76a88ae249fe02a645	25700	5651
1506905557278	a1a20d0fe5c84d9fb4d545eba15924bc	6253	84073
1506909457278	212bb2a4d4b3446ebf2a2348382f2038	80583	21967
1506923857278	b68d4e275fe245958474e1fc6e020c98	28140	16734
1506925477278	32f94fea76204a629af572b1bb8f505a	15821	98275
1506927097278	952a365202c4499a8b55670b5a28b8be	60427	83123
1506919297278	a7bd603c9f98402db6c20f2e1ab5ced2	38671	28124
1506921937278	e1cc32a17d8342649ec692f129f8f908	6662	90647
1506916537278	d6c3fc8326c14e95a86f556819f86cdb	83229	75866
1506929917278	bf2a5bb0c90e45e0bf2c60646f920de4	12916	89418
1506928837278	be5664d6ca154322a9e0aee1193966a8	8738	75405
1506910477278	09e458c07bfe4cde91a5d6315ce3c3f8	38822	99677
1506932017278	06bff071925044719aed11e8210cff1e	35461	68697
1506934837278	09e458c07bfe4cde91a5d6315ce3c3f8	62596	27189
1506926977278	c1d7139d585a49c69dba626df62ff931	96963	98578
1506916477279	1a82ac93e42d40769c8993b34e9128ba	75188	81449
1506934057279	9166891715eb4e909e1b3c9c89efb6e5	49048	62944
1506907237279	70cb7befd07441238eab644ef34dcb16	4501	33951
1506908617279	544baf9c51f0456da2233f1cdca61fc5	69301	32924
1506926077279	c4608454bb464d7f8d5f2391307b4867	84509	64626
1506929917279	ac93c3fff03d4cd08330e3f7c5e55682	46376	53520
1506909277279	32f94fea76204a629af572b1bb8f505a	69248	72078
1506911317279	2db0093659ae442895324c1c438fed9a	32313	43451
1506932197279	30cbfd330e11497fa272ef9b34629fab	23306	78898
1506922657279	063c0ce1758840ef8385c25e00e127f2	22088	94154
1506916477279	36359268a0e442228aea00a3c6bf8eb2	34529	63308
1506933697279	4a985a6449a24a44914bb7d66ed663a3	79890	25440
1506908497279	eaef54bce67b48d597ca63e77dd4e5c5	50790	87168
1506931957279	1a82ac93e42d40769c8993b34e9128ba	74635	68782
1506912637279	07309c1286e143a996fadd4d5c5013ab	40338	6177
1506912397279	abcaf55c5a4f40d1a4573dc695506d1f	4163	86779
1506899257279	a1a20d0fe5c84d9fb4d545eba15924bc	34523	71926
1506928177279	93756c6b4e17490a946ab85d49663573	62595	59100
1506904597279	030cad584e7544e5af687e86e9fa535c	90414	56406
1506915337279	ac93c3fff03d4cd08330e3f7c5e55682	206	36860
1506910717279	d6c3fc8326c14e95a86f556819f86cdb	4692	32747
1506906577279	4a985a6449a24a44914bb7d66ed663a3	50498	63477
1506928357279	63a800c7568e4f9aad99ac9f2722811c	31631	33715
1506913237279	699f78b9a1484242868728e126e3930a	53718	58229
1506903757279	c3273e7f44a946128a72eb27392c368b	29787	70617
1506916777279	b2a0168d84ae4e76a88ae249fe02a645	48988	14714
1506926497279	a7bd603c9f98402db6c20f2e1ab5ced2	57647	95136
1506899977279	a770bebba98649438dd751382cef8fcd	50398	23797
1506920617279	15eaa6c2098c46fdb608bedad216c742	27835	63512
1506926617279	a71a500f14d1446c82d09e3e84f7c3a8	45185	73546
1506906757279	e1cc32a17d8342649ec692f129f8f908	30122	69446
1506907777279	063c0ce1758840ef8385c25e00e127f2	38023	26702
1506928237279	65f1928d8da04bb587c9df5aa9079ac2	96991	90368
1506923317279	e9d13be557964e919369cd425446f32a	51686	25575
1506917257279	656d02aa6029468da18360ef6c495bd1	25753	39630
1506926677280	b2a0168d84ae4e76a88ae249fe02a645	3540	65807
1506901357280	6d313d000b674003813e8eab6dd06b10	3216	89962
1506926557280	ebf3e818c95647b8b415859bae9fe96c	75388	96561
1506905677280	ce505ad1469444a985d5d7334d82f980	26039	50080
1506933757280	c1faf20d55834de38e43267bb3516bdc	7176	71850
1506918697280	07309c1286e143a996fadd4d5c5013ab	97850	53646
1506899977280	c4608454bb464d7f8d5f2391307b4867	47479	24777
1506921637280	b67d235ff89d4d4dadb14e3f470d7396	67135	71045
1506909817280	544baf9c51f0456da2233f1cdca61fc5	43109	79182
1506934357280	063c0ce1758840ef8385c25e00e127f2	84870	40037
1506928117280	5ad478c662e44c3eaba57f75fa140d6f	70183	27054
1506920557280	56c1a4e75c4443379277ac0c7ed2f0c5	92171	27524
1506907777280	c3273e7f44a946128a72eb27392c368b	23118	53581
1506903217280	bb5ecb07fbaf4ff692555f92d7b134dd	43040	45512
1506929077280	b67d235ff89d4d4dadb14e3f470d7396	81665	75522
1506934657280	2b9b45941a3f4f439a01d0894043e524	45109	92743
1506901417280	8c39e9d7c4044b5fa3dd7f7b6d1c2573	51173	24790
1506901297280	b5b6f7e118894212bab4d92bcc5af6c6	39410	69230
1506926437280	65f1928d8da04bb587c9df5aa9079ac2	5686	94308
1506913657280	f311dab7040d48328b0413f3d6e42e69	12345	76983
1506899797281	c942cf2851844072b78e8e71d907bdf3	39789	17594
1506906037281	eeecdc32a0f840a79e2f4c1df758960f	93766	33904
1506931237281	c1faf20d55834de38e43267bb3516bdc	38041	36919
1506934957281	a5cdb5a727e54080b9b6bb59ebd41e69	72816	97114
1506914197281	1a82ac93e42d40769c8993b34e9128ba	43336	65002
1506914737281	030cad584e7544e5af687e86e9fa535c	3143	10152
1506934057281	c3273e7f44a946128a72eb27392c368b	87645	44441
1506924217281	2b9b45941a3f4f439a01d0894043e524	19126	8891
1506919177281	4a985a6449a24a44914bb7d66ed663a3	72024	82551
1506917797281	32f94fea76204a629af572b1bb8f505a	33472	96524
1506914797281	b67d235ff89d4d4dadb14e3f470d7396	91251	32395
1506901177281	32f94fea76204a629af572b1bb8f505a	72388	72546
1506902317281	abcaf55c5a4f40d1a4573dc695506d1f	14273	49264
1506918697281	9b7e309eb052483f80d5f2371d5f0802	41882	44887
1506933577281	fade0ced07fa4eecbd7443caf9ffa85d	83535	92239
1506909157281	de841db94e59480da53ff51e0cb18672	62421	91926
1506905077281	a5cdb5a727e54080b9b6bb59ebd41e69	78661	14214
1506933397281	ce505ad1469444a985d5d7334d82f980	96800	75999
1506930937281	e9d13be557964e919369cd425446f32a	65091	53124
1506907417281	36359268a0e442228aea00a3c6bf8eb2	50403	45218
1506931837281	4d6ff19d88ae457087eeb204aa5a9da7	35686	95913
1506901057281	c1faf20d55834de38e43267bb3516bdc	13758	63967
1506929497281	c1faf20d55834de38e43267bb3516bdc	18946	938
1506922057281	a1a20d0fe5c84d9fb4d545eba15924bc	23786	47148
1506919837281	918532125e1b46838cecc41edf959332	83431	95692
1506930637281	30cbfd330e11497fa272ef9b34629fab	37884	94478
1506919297281	de841db94e59480da53ff51e0cb18672	40477	47716
1506928597281	b2a0168d84ae4e76a88ae249fe02a645	39011	77405
1506930517281	7471bdbebec74cad9c483d6db761f888	42826	20892
1506899857281	4d6ff19d88ae457087eeb204aa5a9da7	49191	51909
1506929257281	a465c6c396564cd98ea9452931e5d923	23464	97168
1506916117281	411c13f59288421e800866a89f3930de	8810	69567
1506933277281	7471bdbebec74cad9c483d6db761f888	75473	21132
1506934597281	8c39e9d7c4044b5fa3dd7f7b6d1c2573	88584	45564
1506933577281	3871751d098744ea9f7ffe443d28ea5f	3957	16112
1506904357281	30cbfd330e11497fa272ef9b34629fab	38872	33306
1506927757281	07309c1286e143a996fadd4d5c5013ab	93568	44460
1506905797281	f311dab7040d48328b0413f3d6e42e69	66570	73835
1506902917281	bb5ecb07fbaf4ff692555f92d7b134dd	24503	62883
1506923197281	9166891715eb4e909e1b3c9c89efb6e5	1544	71797
1506912637281	2db0093659ae442895324c1c438fed9a	31289	99980
1506902857282	544baf9c51f0456da2233f1cdca61fc5	86871	11085
1506915757282	6d313d000b674003813e8eab6dd06b10	11295	36907
1506913237282	5ad478c662e44c3eaba57f75fa140d6f	42229	66778
1506927757282	be5664d6ca154322a9e0aee1193966a8	48765	48572
1506910957282	c1d7139d585a49c69dba626df62ff931	74266	23256
1506906817282	411c13f59288421e800866a89f3930de	41569	66248
1506932137282	656d02aa6029468da18360ef6c495bd1	66201	38769
1506909457282	1a82ac93e42d40769c8993b34e9128ba	1841	66446
1506924937282	2db0093659ae442895324c1c438fed9a	15293	24389
1506907957282	9b7e309eb052483f80d5f2371d5f0802	7951	17115
1506905077282	ce505ad1469444a985d5d7334d82f980	8750	62147
1506926857282	e317c51976bd496ab054b0f301b94efe	39606	41201
1506917977282	3bc39453b5be42be80f25f8984760cbb	71883	36333
1506928297282	cd32d345927c444f91dd7a9e1d4eb37c	10235	83971
1506921457282	a7bd603c9f98402db6c20f2e1ab5ced2	92656	86296
1506918697282	e1cc32a17d8342649ec692f129f8f908	19214	5207
1506932917282	8c39e9d7c4044b5fa3dd7f7b6d1c2573	91343	21993
1506917077282	9b7e309eb052483f80d5f2371d5f0802	48280	89826
1506900757282	06bff071925044719aed11e8210cff1e	5144	96920
1506915757282	7c7f2da51484449aac5909f852b8586e	60029	91439
1506914617282	e1cc32a17d8342649ec692f129f8f908	7026	16
1506904177282	f962bf1ab82c44628bea683222d3ec08	24793	9752
1506920797282	bb5ecb07fbaf4ff692555f92d7b134dd	89217	97996
1506902257282	b68d4e275fe245958474e1fc6e020c98	1124	93003
1506921697282	bbf4436060bc4d26957817adf234e333	67904	61883
1506929977282	83ceb6a312b24acd9343a6962454d828	89872	38085
1506915877282	ac93c3fff03d4cd08330e3f7c5e55682	32134	4733
1506903277282	f962bf1ab82c44628bea683222d3ec08	9671	67770
1506928897282	cd32d345927c444f91dd7a9e1d4eb37c	45763	97732
1506924457282	e441893d58444273b77d4f726098fb45	76015	76203
1506912517282	f70d6b7169b04a1dbd8cd645137d746c	51905	659
1506903997282	c80b3fac278d45d98809e380f15644f5	60519	41997
1506932437282	8df03ec8f2c34ff38d8d707eda85834b	1957	93698
1506919417282	7471bdbebec74cad9c483d6db761f888	1065	81128
1506910777282	8df03ec8f2c34ff38d8d707eda85834b	44141	80343
1506930937282	c1faf20d55834de38e43267bb3516bdc	96456	67253
1506922237282	e1cc32a17d8342649ec692f129f8f908	51441	26925
1506932257282	bf2a5bb0c90e45e0bf2c60646f920de4	40305	77343
1506902197285	bf2a5bb0c90e45e0bf2c60646f920de4	17475	16081
1506925177285	de1c115ecedd488fa5a6fc88c392db07	27499	77282
1506918217285	ce505ad1469444a985d5d7334d82f980	67953	64735
1506911257285	b67d235ff89d4d4dadb14e3f470d7396	43609	84943
1506928957285	6d313d000b674003813e8eab6dd06b10	43743	66601
1506913117285	a465c6c396564cd98ea9452931e5d923	6068	15173
1506925177285	335c6a9dd4ac427d8774139438252ab2	91664	72400
1506924037285	5fa49969aab446d5ae106eba5f513732	49491	51737
1506922657285	1a82ac93e42d40769c8993b34e9128ba	38236	2280
1506927097285	abcaf55c5a4f40d1a4573dc695506d1f	43620	63310
1506934537285	be5664d6ca154322a9e0aee1193966a8	72152	92312
1506916597285	32f94fea76204a629af572b1bb8f505a	37682	55325
1506922717285	e441893d58444273b77d4f726098fb45	36147	65239
1506930637285	e441893d58444273b77d4f726098fb45	14719	66286
1506908077285	18819f9eaca74d1e97670b821c05844d	53620	37040
1506900517285	3871751d098744ea9f7ffe443d28ea5f	93768	86333
1506922417285	d6c3fc8326c14e95a86f556819f86cdb	93439	54846
1506905677285	6bb8e074cd4e4e2b8ef6955d8a56c115	54054	949
1506905317285	952a365202c4499a8b55670b5a28b8be	26095	6544
1506903157285	1a82ac93e42d40769c8993b34e9128ba	169	37015
1506929617285	6d313d000b674003813e8eab6dd06b10	20059	17061
1506901177285	c3273e7f44a946128a72eb27392c368b	36092	436
1506918697285	e9d13be557964e919369cd425446f32a	38514	26449
1506913177285	06bff071925044719aed11e8210cff1e	56230	48238
1506907837285	36359268a0e442228aea00a3c6bf8eb2	40704	79414
1506932197285	e441893d58444273b77d4f726098fb45	68357	36987
1506933037285	c1d7139d585a49c69dba626df62ff931	24809	77707
1506902317285	c1faf20d55834de38e43267bb3516bdc	98002	62625
1506918277285	cf21db3ccd7647c38f6f0c1c6862267e	76939	85816
1506907597285	7c7f2da51484449aac5909f852b8586e	9697	83291
1506899797285	ac93c3fff03d4cd08330e3f7c5e55682	64350	23671
1506912937285	7471bdbebec74cad9c483d6db761f888	45951	17074
1506927757285	b5b6f7e118894212bab4d92bcc5af6c6	65652	77108
1506922957285	063c0ce1758840ef8385c25e00e127f2	88276	46147
1506918037285	bb5ecb07fbaf4ff692555f92d7b134dd	49563	59310
1506912937285	7f02f33822204b309cc1d5995eafc830	42049	89407
1506924877285	9166891715eb4e909e1b3c9c89efb6e5	45719	60531
1506922717285	f70d6b7169b04a1dbd8cd645137d746c	90689	35910
1506914437286	30cbfd330e11497fa272ef9b34629fab	80523	36071
1506924457286	2db0093659ae442895324c1c438fed9a	29961	63499
1506913177286	918532125e1b46838cecc41edf959332	93583	15581
1506910297286	7fb268abd07a4202abbe1051ef86bd2e	53225	74611
1506927877286	a6ff32ebc9364b3f95ea0bb118ae9f63	57112	5052
1506918877286	4d6ff19d88ae457087eeb204aa5a9da7	97962	69461
1506903697286	411c13f59288421e800866a89f3930de	59412	32603
1506934357286	74ddd26134b7450a80c891be87fd4f78	50287	40506
1506914317286	ebf3e818c95647b8b415859bae9fe96c	74413	48644
1506933637286	926ae767652243948b7afc7bfbca2a17	98358	97502
1506926797286	030cad584e7544e5af687e86e9fa535c	62883	13012
1506920917286	e9d13be557964e919369cd425446f32a	71030	6989
1506930037286	18819f9eaca74d1e97670b821c05844d	60788	95833
1506933817286	abcaf55c5a4f40d1a4573dc695506d1f	1088	44262
1506925417286	f311dab7040d48328b0413f3d6e42e69	70966	89458
1506924397286	8df03ec8f2c34ff38d8d707eda85834b	57536	2203
1506912217286	83ceb6a312b24acd9343a6962454d828	89784	14898
1506932017286	d6c3fc8326c14e95a86f556819f86cdb	91835	8142
1506904057286	a1a20d0fe5c84d9fb4d545eba15924bc	11430	7709
1506916117286	535a9bcf126d48f591c9a635ee405123	80816	62102
1506927697286	921d589d9a144f318227d8a38e0bb903	49028	44425
1506907177286	1e891dd0094d4d27a29e3c6c677452a0	73881	85207
1506915937286	d6c3fc8326c14e95a86f556819f86cdb	55472	62846
1506919597286	07309c1286e143a996fadd4d5c5013ab	22601	63341
1506904057286	c80b3fac278d45d98809e380f15644f5	53537	39702
1506926077286	2db0093659ae442895324c1c438fed9a	49772	9537
1506926257286	7fb268abd07a4202abbe1051ef86bd2e	24716	42557
1506926377286	8df03ec8f2c34ff38d8d707eda85834b	17516	43025
1506901897286	926ae767652243948b7afc7bfbca2a17	63035	10193
1506930817286	e9d13be557964e919369cd425446f32a	96424	44012
1506925477286	a465c6c396564cd98ea9452931e5d923	68918	64770
1506907237286	83ceb6a312b24acd9343a6962454d828	90588	59315
1506911197286	7fb268abd07a4202abbe1051ef86bd2e	65212	46867
1506925237286	7fb268abd07a4202abbe1051ef86bd2e	84253	61945
1506924157286	56c1a4e75c4443379277ac0c7ed2f0c5	78728	471
1506909277286	56c1a4e75c4443379277ac0c7ed2f0c5	12284	66883
1506916717286	ebf3e818c95647b8b415859bae9fe96c	42702	22292
1506926257286	8c39e9d7c4044b5fa3dd7f7b6d1c2573	63104	14537
1506934957286	62b06fc99e794afb932fd4e12222daf0	17884	94403
1506927817286	656d02aa6029468da18360ef6c495bd1	42190	25074
1506900277286	3f7a198bbf1d4e11ae0a9cfe683f976e	76604	7885
1506931117286	a5cdb5a727e54080b9b6bb59ebd41e69	58306	97211
1506930037286	1e891dd0094d4d27a29e3c6c677452a0	99278	52815
1506912997286	544baf9c51f0456da2233f1cdca61fc5	74421	50801
1506932077286	1e891dd0094d4d27a29e3c6c677452a0	66256	47510
1506934597286	bbf4436060bc4d26957817adf234e333	8759	39057
1506905737286	030cad584e7544e5af687e86e9fa535c	32951	96163
1506931657287	7471bdbebec74cad9c483d6db761f888	83219	77742
1506913777287	a988e61d21a543338abbc7cfa425285a	19669	4456
1506907477287	c942cf2851844072b78e8e71d907bdf3	75599	86603
1506934597287	36359268a0e442228aea00a3c6bf8eb2	43123	95305
1506934897287	1e891dd0094d4d27a29e3c6c677452a0	9195	59357
1506927037287	b7dc368c1e9f4d4da9ae2573fd8c15b1	92757	33884
1506902257287	5ad478c662e44c3eaba57f75fa140d6f	4607	9610
1506908737287	cf21db3ccd7647c38f6f0c1c6862267e	22235	57960
1506918517287	ac93c3fff03d4cd08330e3f7c5e55682	20831	98955
1506919237287	030cad584e7544e5af687e86e9fa535c	88060	52169
1506904057287	abcaf55c5a4f40d1a4573dc695506d1f	88824	63949
1506923677287	656d02aa6029468da18360ef6c495bd1	99306	62282
1506904717287	74a20e02f33c4b9e8b4e3445c59d8bcc	35410	57259
1506928357287	fade0ced07fa4eecbd7443caf9ffa85d	96434	82600
1506906277287	e317c51976bd496ab054b0f301b94efe	58253	44598
1506923917287	a988e61d21a543338abbc7cfa425285a	61339	44246
1506912217287	9b7e309eb052483f80d5f2371d5f0802	12294	26029
1506901657287	a71a500f14d1446c82d09e3e84f7c3a8	3428	7027
1506917197287	90e7102cda184222b3d8ce05174ddfaf	3185	40228
1506927757287	56c1a4e75c4443379277ac0c7ed2f0c5	79591	61173
1506915757287	62b06fc99e794afb932fd4e12222daf0	38877	92705
1506916957287	aae8052af1dc43c2a22f05a58eab1492	71162	26497
1506932557287	a988e61d21a543338abbc7cfa425285a	79701	13305
1506911317287	83ceb6a312b24acd9343a6962454d828	77899	83695
1506920137287	9b7e309eb052483f80d5f2371d5f0802	69627	95671
1506921157287	2b9b45941a3f4f439a01d0894043e524	35361	18666
1506923617287	5fa49969aab446d5ae106eba5f513732	65869	57109
1506902917287	cd32d345927c444f91dd7a9e1d4eb37c	92639	36270
1506915937287	7471bdbebec74cad9c483d6db761f888	91042	84065
1506913297287	b5b6f7e118894212bab4d92bcc5af6c6	94082	89672
1506920317287	b7dc368c1e9f4d4da9ae2573fd8c15b1	22507	33785
1506924337287	656d02aa6029468da18360ef6c495bd1	10912	93593
1506904177287	c3273e7f44a946128a72eb27392c368b	34900	76398
1506927637287	c942cf2851844072b78e8e71d907bdf3	67720	64531
1506907777287	ce505ad1469444a985d5d7334d82f980	85218	64644
1506912277287	c1faf20d55834de38e43267bb3516bdc	60102	1753
1506926197287	921d589d9a144f318227d8a38e0bb903	54451	69968
1506917137287	4d6ff19d88ae457087eeb204aa5a9da7	92061	2755
1506926437287	f2ef8f64ef7043bd8c60d37af28f3a1d	54467	36888
1506922477287	6524cf35b21645ec902ff20a02783620	42637	26135
1506909097287	e1cc32a17d8342649ec692f129f8f908	93155	55382
1506915517287	74a20e02f33c4b9e8b4e3445c59d8bcc	58860	30736
1506925537287	6d313d000b674003813e8eab6dd06b10	64802	56149
1506915697287	30cbfd330e11497fa272ef9b34629fab	14574	71323
1506930397287	2db0093659ae442895324c1c438fed9a	35142	31890
1506913837287	cd32d345927c444f91dd7a9e1d4eb37c	50944	48341
1506933937287	ce505ad1469444a985d5d7334d82f980	88977	52731
1506906937287	411c13f59288421e800866a89f3930de	74470	31309
1506925717287	18819f9eaca74d1e97670b821c05844d	25182	48595
1506934597287	c4608454bb464d7f8d5f2391307b4867	11778	43080
1506908497287	b7dc368c1e9f4d4da9ae2573fd8c15b1	89218	92652
1506899557287	74ddd26134b7450a80c891be87fd4f78	41358	24375
1506911977288	b2a0168d84ae4e76a88ae249fe02a645	41997	29194
1506913177288	06bff071925044719aed11e8210cff1e	25758	13026
1506913717288	a1a20d0fe5c84d9fb4d545eba15924bc	27688	45062
1506909097288	a770bebba98649438dd751382cef8fcd	42688	45472
1506919537288	62b06fc99e794afb932fd4e12222daf0	32503	61609
1506915937288	7fb268abd07a4202abbe1051ef86bd2e	85309	90012
1506913117288	699f78b9a1484242868728e126e3930a	4662	66284
1506925057288	a6ff32ebc9364b3f95ea0bb118ae9f63	83831	50545
1506923557288	7471bdbebec74cad9c483d6db761f888	72894	53854
1506904477288	eaef54bce67b48d597ca63e77dd4e5c5	64779	69614
1506932257288	a71a500f14d1446c82d09e3e84f7c3a8	80190	39133
1506927877288	6bb8e074cd4e4e2b8ef6955d8a56c115	59918	10963
1506931237288	30cbfd330e11497fa272ef9b34629fab	63843	10171
1506900037288	a6ff32ebc9364b3f95ea0bb118ae9f63	20913	17778
1506929977288	3bc39453b5be42be80f25f8984760cbb	85810	75258
1506910837288	bb5ecb07fbaf4ff692555f92d7b134dd	76287	14446
1506911557288	bf2a5bb0c90e45e0bf2c60646f920de4	75115	52336
1506915697288	a770bebba98649438dd751382cef8fcd	47132	33214
1506928897288	063c0ce1758840ef8385c25e00e127f2	47814	59108
1506916357288	74ddd26134b7450a80c891be87fd4f78	63781	72362
1506923077288	74ddd26134b7450a80c891be87fd4f78	84886	40494
1506932797288	f962bf1ab82c44628bea683222d3ec08	90387	97389
1506919957288	063c0ce1758840ef8385c25e00e127f2	81130	81178
1506900337288	6bb8e074cd4e4e2b8ef6955d8a56c115	91322	35249
1506900697288	de1c115ecedd488fa5a6fc88c392db07	1737	97989
1506908737288	921d589d9a144f318227d8a38e0bb903	85188	78325
1506904777288	952a365202c4499a8b55670b5a28b8be	47987	95454
1506910417288	9166891715eb4e909e1b3c9c89efb6e5	74904	71082
1506923677288	7c7f2da51484449aac5909f852b8586e	31268	76614
1506905017288	7471bdbebec74cad9c483d6db761f888	24567	63761
1506925597288	656d02aa6029468da18360ef6c495bd1	75314	81712
1506929317288	926ae767652243948b7afc7bfbca2a17	45498	64446
1506911437288	f962bf1ab82c44628bea683222d3ec08	22156	61409
1506918877288	bf2a5bb0c90e45e0bf2c60646f920de4	58743	99000
1506911017288	eaef54bce67b48d597ca63e77dd4e5c5	20954	81872
1506918337289	62b06fc99e794afb932fd4e12222daf0	78459	47414
1506931777289	5ad478c662e44c3eaba57f75fa140d6f	88513	32870
1506926377289	4a985a6449a24a44914bb7d66ed663a3	34031	95874
1506913477289	c1d7139d585a49c69dba626df62ff931	84862	191
1506921157289	3bc39453b5be42be80f25f8984760cbb	23350	14937
1506911317289	bf2a5bb0c90e45e0bf2c60646f920de4	30472	20615
1506910837289	83ceb6a312b24acd9343a6962454d828	61162	29993
1506912397289	eeecdc32a0f840a79e2f4c1df758960f	58800	49374
1506901477289	e317c51976bd496ab054b0f301b94efe	47779	26450
1506910657289	70cb7befd07441238eab644ef34dcb16	22497	37108
1506908317289	2b9b45941a3f4f439a01d0894043e524	90674	16261
1506934777289	926ae767652243948b7afc7bfbca2a17	99714	35852
1506915097289	9b7e309eb052483f80d5f2371d5f0802	74111	55591
1506916897289	212bb2a4d4b3446ebf2a2348382f2038	40721	65436
1506903097289	c3273e7f44a946128a72eb27392c368b	81072	41806
1506901417289	7471bdbebec74cad9c483d6db761f888	2375	77323
1506923557289	24f0edeaaf244ed18142812f4c87e554	44324	95106
1506933037289	c80b3fac278d45d98809e380f15644f5	376	69938
1506918277289	bbf4436060bc4d26957817adf234e333	50321	17053
1506911857289	90e7102cda184222b3d8ce05174ddfaf	76273	2075
1506910777289	e317c51976bd496ab054b0f301b94efe	8555	22539
1506911197289	b2a0168d84ae4e76a88ae249fe02a645	81850	23461
1506901597289	4d6ff19d88ae457087eeb204aa5a9da7	43198	84138
1506900937289	e9d13be557964e919369cd425446f32a	44180	17853
1506908437289	699f78b9a1484242868728e126e3930a	5008	61131
1506904657289	06bff071925044719aed11e8210cff1e	49466	47429
1506925237289	74ddd26134b7450a80c891be87fd4f78	90946	87118
1506899857289	c4608454bb464d7f8d5f2391307b4867	27425	56080
1506902257289	e441893d58444273b77d4f726098fb45	72334	12297
1506919837289	e317c51976bd496ab054b0f301b94efe	26713	83971
1506924457289	93756c6b4e17490a946ab85d49663573	17447	48514
1506911617289	8c39e9d7c4044b5fa3dd7f7b6d1c2573	11723	70070
1506932137289	918532125e1b46838cecc41edf959332	58717	54160
1506925057289	b68d4e275fe245958474e1fc6e020c98	39290	36209
1506909817289	de841db94e59480da53ff51e0cb18672	71800	49405
1506915637289	e317c51976bd496ab054b0f301b94efe	29348	2159
1506932977289	c1d7139d585a49c69dba626df62ff931	50234	91622
1506926737289	6524cf35b21645ec902ff20a02783620	4448	74269
1506902677289	4a985a6449a24a44914bb7d66ed663a3	23616	15801
1506905377289	36359268a0e442228aea00a3c6bf8eb2	11552	9403
1506913897289	abcaf55c5a4f40d1a4573dc695506d1f	32063	43349
1506928297289	15eaa6c2098c46fdb608bedad216c742	97806	95641
1506914017289	7c7f2da51484449aac5909f852b8586e	89896	50317
1506906757290	a770bebba98649438dd751382cef8fcd	41680	827
1506928717290	b7dc368c1e9f4d4da9ae2573fd8c15b1	96006	42021
1506901477290	c3273e7f44a946128a72eb27392c368b	50661	68565
1506899437290	c942cf2851844072b78e8e71d907bdf3	18812	55603
1506921817290	74ddd26134b7450a80c891be87fd4f78	934	50384
1506931117290	32f94fea76204a629af572b1bb8f505a	80553	44222
1506910717290	30cbfd330e11497fa272ef9b34629fab	21864	19714
1506926557290	a6ff32ebc9364b3f95ea0bb118ae9f63	28485	8354
1506916117290	656d02aa6029468da18360ef6c495bd1	62711	51513
1506933517290	6d313d000b674003813e8eab6dd06b10	80515	15338
1506911437290	335c6a9dd4ac427d8774139438252ab2	35322	16561
1506929857290	f962bf1ab82c44628bea683222d3ec08	64143	10548
1506914677290	4d6ff19d88ae457087eeb204aa5a9da7	71155	64568
1506917857290	3bc39453b5be42be80f25f8984760cbb	43599	11280
1506914317290	b68d4e275fe245958474e1fc6e020c98	19965	87761
1506916957290	7fb268abd07a4202abbe1051ef86bd2e	33700	82081
1506909457290	56c1a4e75c4443379277ac0c7ed2f0c5	97934	50349
1506927817290	24f0edeaaf244ed18142812f4c87e554	10759	80601
1506904117290	8c39e9d7c4044b5fa3dd7f7b6d1c2573	99540	819
1506921157290	4a985a6449a24a44914bb7d66ed663a3	90478	32449
1506927337290	b2a0168d84ae4e76a88ae249fe02a645	9402	31896
1506931417290	90e7102cda184222b3d8ce05174ddfaf	59526	19822
1506909637290	d4dd8267f8d446fbba88f21e35f50106	81954	16775
1506919537290	926ae767652243948b7afc7bfbca2a17	48600	30060
1506911857290	74ddd26134b7450a80c891be87fd4f78	27145	52315
1506899977290	ce505ad1469444a985d5d7334d82f980	69094	27223
1506920497290	74a20e02f33c4b9e8b4e3445c59d8bcc	84519	68543
1506919777290	32f94fea76204a629af572b1bb8f505a	27116	85116
1506934177290	eaef54bce67b48d597ca63e77dd4e5c5	3086	98132
1506927517290	c80b3fac278d45d98809e380f15644f5	69825	97053
1506916537290	f311dab7040d48328b0413f3d6e42e69	82889	87979
1506918637290	30cbfd330e11497fa272ef9b34629fab	79157	90121
1506918937290	d6c3fc8326c14e95a86f556819f86cdb	88668	26726
1506923077290	24f0edeaaf244ed18142812f4c87e554	92499	59463
1506908977290	eaef54bce67b48d597ca63e77dd4e5c5	36680	22971
1506925357290	656d02aa6029468da18360ef6c495bd1	31422	2828
1506917617290	30cbfd330e11497fa272ef9b34629fab	91941	63856
1506902497290	e441893d58444273b77d4f726098fb45	34357	29823
1506927097290	4d6ff19d88ae457087eeb204aa5a9da7	79271	91327
1506928057290	93756c6b4e17490a946ab85d49663573	13872	34236
1506921637290	d6c3fc8326c14e95a86f556819f86cdb	11195	15187
1506920137290	6bb8e074cd4e4e2b8ef6955d8a56c115	84642	18317
1506915877290	abcaf55c5a4f40d1a4573dc695506d1f	39561	56457
1506920017290	918532125e1b46838cecc41edf959332	44887	93426
1506902857290	ac93c3fff03d4cd08330e3f7c5e55682	44305	65072
1506901657290	f70d6b7169b04a1dbd8cd645137d746c	33909	36122
1506920977290	3bc39453b5be42be80f25f8984760cbb	72144	29801
1506913357290	918532125e1b46838cecc41edf959332	77212	93671
1506933277290	93756c6b4e17490a946ab85d49663573	9914	68422
1506912937290	918532125e1b46838cecc41edf959332	2567	23598
1506909817290	bf2a5bb0c90e45e0bf2c60646f920de4	69054	43182
1506915397290	6bb8e074cd4e4e2b8ef6955d8a56c115	50155	35444
1506917977290	a1a20d0fe5c84d9fb4d545eba15924bc	32135	32535
1506914737290	09e458c07bfe4cde91a5d6315ce3c3f8	52885	29553
1506910837290	74ddd26134b7450a80c891be87fd4f78	46199	37867
1506911317290	335c6a9dd4ac427d8774139438252ab2	36686	41520
1506930517290	411c13f59288421e800866a89f3930de	52268	67331
1506922957290	335c6a9dd4ac427d8774139438252ab2	61719	10733
1506899617290	5ad478c662e44c3eaba57f75fa140d6f	93661	71662
1506903157290	c80b3fac278d45d98809e380f15644f5	25551	17973
1506904237290	abcaf55c5a4f40d1a4573dc695506d1f	62907	11883
1506924697290	ac93c3fff03d4cd08330e3f7c5e55682	47466	33097
1506931957290	7f02f33822204b309cc1d5995eafc830	28594	47145
1506917857290	de841db94e59480da53ff51e0cb18672	9145	78202
1506908857290	c4608454bb464d7f8d5f2391307b4867	65991	73870
1506934957290	4a985a6449a24a44914bb7d66ed663a3	62758	56942
1506924457290	c3273e7f44a946128a72eb27392c368b	32665	75245
1506920437290	a770bebba98649438dd751382cef8fcd	29494	39961
1506931417291	a1a20d0fe5c84d9fb4d545eba15924bc	93889	29774
1506913537291	b7dc368c1e9f4d4da9ae2573fd8c15b1	44839	98436
1506925117291	7fb268abd07a4202abbe1051ef86bd2e	36340	48009
1506915397291	3f7a198bbf1d4e11ae0a9cfe683f976e	22609	78122
1506922237291	7f02f33822204b309cc1d5995eafc830	85949	66154
1506927697291	a71a500f14d1446c82d09e3e84f7c3a8	54951	32949
1506930277291	6524cf35b21645ec902ff20a02783620	73797	29454
1506912877291	de1c115ecedd488fa5a6fc88c392db07	82421	86853
1506929257291	07309c1286e143a996fadd4d5c5013ab	3309	17060
1506909817291	c942cf2851844072b78e8e71d907bdf3	11552	96584
1506905857291	c1d7139d585a49c69dba626df62ff931	78000	61901
1506932617291	3871751d098744ea9f7ffe443d28ea5f	10027	51875
1506925297291	74a20e02f33c4b9e8b4e3445c59d8bcc	61508	68796
1506909937291	1e891dd0094d4d27a29e3c6c677452a0	54062	27719
1506930757291	030cad584e7544e5af687e86e9fa535c	83415	18391
1506901297291	ebf3e818c95647b8b415859bae9fe96c	98719	66652
1506903697297	d6c3fc8326c14e95a86f556819f86cdb	27539	30803
1506927157297	699f78b9a1484242868728e126e3930a	51050	26649
1506910897297	a770bebba98649438dd751382cef8fcd	13148	98907
1506902917297	e9d13be557964e919369cd425446f32a	56666	53257
1506907777297	63a800c7568e4f9aad99ac9f2722811c	15278	51112
1506930457297	7fb268abd07a4202abbe1051ef86bd2e	80464	615
1506901657297	3f7a198bbf1d4e11ae0a9cfe683f976e	59809	682
1506922357297	5ad478c662e44c3eaba57f75fa140d6f	79688	6978
1506917377297	c3273e7f44a946128a72eb27392c368b	36935	33309
1506906397297	eaef54bce67b48d597ca63e77dd4e5c5	55865	46841
1506921817297	a7bd603c9f98402db6c20f2e1ab5ced2	95050	38612
1506931777297	4a985a6449a24a44914bb7d66ed663a3	48627	5600
1506934117297	70cb7befd07441238eab644ef34dcb16	98864	57042
1506926137297	926ae767652243948b7afc7bfbca2a17	51744	53753
1506934957297	8e7c7f3ef84f4303b5d4ee220c35eef8	26201	57067
1506904837297	d6c3fc8326c14e95a86f556819f86cdb	58405	76955
1506921157297	f2ef8f64ef7043bd8c60d37af28f3a1d	79581	53671
1506931657297	eeecdc32a0f840a79e2f4c1df758960f	38048	58222
1506912877297	d4dd8267f8d446fbba88f21e35f50106	74895	12575
1506906997297	56c1a4e75c4443379277ac0c7ed2f0c5	91337	20076
1506917377297	07309c1286e143a996fadd4d5c5013ab	99998	48222
1506914437297	74ddd26134b7450a80c891be87fd4f78	60946	962
1506916657297	d6c3fc8326c14e95a86f556819f86cdb	88881	28736
1506912337297	c1d7139d585a49c69dba626df62ff931	20073	21036
1506905137297	eeecdc32a0f840a79e2f4c1df758960f	47336	37141
1506934117297	74ddd26134b7450a80c891be87fd4f78	30611	8795
1506904057297	abcaf55c5a4f40d1a4573dc695506d1f	38303	46559
1506930157297	32f94fea76204a629af572b1bb8f505a	76336	64146
1506928177297	7c7f2da51484449aac5909f852b8586e	61132	97007
1506899557297	030cad584e7544e5af687e86e9fa535c	96731	22340
1506912157297	5ad478c662e44c3eaba57f75fa140d6f	13022	29739
1506932137297	30cbfd330e11497fa272ef9b34629fab	27113	1304
1506926197297	6524cf35b21645ec902ff20a02783620	24254	62539
1506904417298	a7bd603c9f98402db6c20f2e1ab5ced2	34502	3173
1506900757298	a71a500f14d1446c82d09e3e84f7c3a8	34191	35191
1506915997298	a5cdb5a727e54080b9b6bb59ebd41e69	72765	27637
1506925597298	921d589d9a144f318227d8a38e0bb903	51310	29130
1506933457298	c4608454bb464d7f8d5f2391307b4867	59855	15429
1506927097298	eeecdc32a0f840a79e2f4c1df758960f	32820	70289
1506914077298	c4608454bb464d7f8d5f2391307b4867	50552	771
1506927517298	030cad584e7544e5af687e86e9fa535c	57297	80204
1506901357298	5fa49969aab446d5ae106eba5f513732	36590	77871
1506902437298	411c13f59288421e800866a89f3930de	23345	25452
1506913357298	2b9b45941a3f4f439a01d0894043e524	79715	69786
1506918997298	c4608454bb464d7f8d5f2391307b4867	33144	61587
1506910837298	b5b6f7e118894212bab4d92bcc5af6c6	25344	31977
1506925657298	de841db94e59480da53ff51e0cb18672	46599	37782
1506927457298	4a985a6449a24a44914bb7d66ed663a3	8042	35154
1506934237298	7471bdbebec74cad9c483d6db761f888	96854	85278
1506909277298	30cbfd330e11497fa272ef9b34629fab	22239	4189
1506928837298	cf21db3ccd7647c38f6f0c1c6862267e	50169	3650
1506915637298	c1d7139d585a49c69dba626df62ff931	88823	43779
1506925777298	f2ef8f64ef7043bd8c60d37af28f3a1d	81182	59341
1506910177298	36359268a0e442228aea00a3c6bf8eb2	996	62258
1506911017298	c1d7139d585a49c69dba626df62ff931	77067	54110
1506909277298	f70d6b7169b04a1dbd8cd645137d746c	73588	27527
1506931237298	a988e61d21a543338abbc7cfa425285a	88481	95171
1506917497298	8df03ec8f2c34ff38d8d707eda85834b	9836	87539
1506920797298	32f94fea76204a629af572b1bb8f505a	50493	20156
1506899197298	ce505ad1469444a985d5d7334d82f980	73132	24278
1506919417298	83ceb6a312b24acd9343a6962454d828	62675	87262
1506923077298	ce505ad1469444a985d5d7334d82f980	80623	70406
1506914557298	e441893d58444273b77d4f726098fb45	20307	74349
1506913417298	62b06fc99e794afb932fd4e12222daf0	93897	22281
1506903457298	a71a500f14d1446c82d09e3e84f7c3a8	18086	74943
1506908857298	90e7102cda184222b3d8ce05174ddfaf	79913	8821
1506916897298	fade0ced07fa4eecbd7443caf9ffa85d	784	84928
1506927997298	a71a500f14d1446c82d09e3e84f7c3a8	69846	77847
1506910237298	2b9b45941a3f4f439a01d0894043e524	20685	64520
1506901777298	93756c6b4e17490a946ab85d49663573	60916	77288
1506927877298	63a800c7568e4f9aad99ac9f2722811c	56149	45382
1506900817298	ac93c3fff03d4cd08330e3f7c5e55682	78334	45593
1506909157298	4a985a6449a24a44914bb7d66ed663a3	12121	39832
1506923017298	b7dc368c1e9f4d4da9ae2573fd8c15b1	42571	616
1506917857298	3f7a198bbf1d4e11ae0a9cfe683f976e	52485	4560
1506914017298	030cad584e7544e5af687e86e9fa535c	91242	83528
1506928117298	535a9bcf126d48f591c9a635ee405123	86878	45040
1506902197298	eaef54bce67b48d597ca63e77dd4e5c5	231	96285
1506912877298	b2a0168d84ae4e76a88ae249fe02a645	14564	89550
1506931237298	4a985a6449a24a44914bb7d66ed663a3	75366	90749
1506926497298	2b9b45941a3f4f439a01d0894043e524	36494	52848
1506914617298	535a9bcf126d48f591c9a635ee405123	15845	10703
1506913417298	f70d6b7169b04a1dbd8cd645137d746c	24114	84465
1506901177298	6524cf35b21645ec902ff20a02783620	43932	30927
1506916777298	36359268a0e442228aea00a3c6bf8eb2	27484	53242
1506925957298	e1cc32a17d8342649ec692f129f8f908	46653	14728
1506928777298	65f1928d8da04bb587c9df5aa9079ac2	90867	97289
1506907957298	18819f9eaca74d1e97670b821c05844d	26389	99032
1506927937298	eaef54bce67b48d597ca63e77dd4e5c5	3321	79405
1506924217298	56c1a4e75c4443379277ac0c7ed2f0c5	26027	85935
1506909037298	7fb268abd07a4202abbe1051ef86bd2e	13065	76358
1506924697298	d6c3fc8326c14e95a86f556819f86cdb	25342	21263
1506913897298	eeecdc32a0f840a79e2f4c1df758960f	86233	45833
1506907597298	bbf4436060bc4d26957817adf234e333	36905	44589
1506928297298	926ae767652243948b7afc7bfbca2a17	94935	12090
1506904597298	06bff071925044719aed11e8210cff1e	36864	96270
1506903577298	a465c6c396564cd98ea9452931e5d923	9102	93616
1506907897298	3bc39453b5be42be80f25f8984760cbb	69874	78026
1506910777298	9b7e309eb052483f80d5f2371d5f0802	30592	58165
1506907177298	544baf9c51f0456da2233f1cdca61fc5	97734	76748
1506899497298	83ceb6a312b24acd9343a6962454d828	45994	76067
1506904477298	de1c115ecedd488fa5a6fc88c392db07	80896	53424
1506929017298	bbf4436060bc4d26957817adf234e333	165	73511
1506918157298	c80b3fac278d45d98809e380f15644f5	92123	77795
1506934297298	8c39e9d7c4044b5fa3dd7f7b6d1c2573	80737	86912
1506912877298	b5b6f7e118894212bab4d92bcc5af6c6	64173	16870
1506903457298	9166891715eb4e909e1b3c9c89efb6e5	40137	71808
1506923617298	6bb8e074cd4e4e2b8ef6955d8a56c115	23080	51051
1506924697298	411c13f59288421e800866a89f3930de	36451	20522
1506923077298	70cb7befd07441238eab644ef34dcb16	53589	31862
1506909037298	411c13f59288421e800866a89f3930de	81167	88978
1506910837298	335c6a9dd4ac427d8774139438252ab2	74136	32700
1506900877298	c1faf20d55834de38e43267bb3516bdc	52965	95616
1506922237298	5ad478c662e44c3eaba57f75fa140d6f	6257	56711
1506917557298	62b06fc99e794afb932fd4e12222daf0	53433	64492
1506906697298	8df03ec8f2c34ff38d8d707eda85834b	38999	35503
1506923017298	656d02aa6029468da18360ef6c495bd1	7640	22819
1506902197298	d4dd8267f8d446fbba88f21e35f50106	70620	72162
1506923317298	de841db94e59480da53ff51e0cb18672	45546	41632
1506922777298	ac93c3fff03d4cd08330e3f7c5e55682	22957	47324
1506920137298	e317c51976bd496ab054b0f301b94efe	69999	83667
1506908257298	07309c1286e143a996fadd4d5c5013ab	91057	73487
1506923137298	3871751d098744ea9f7ffe443d28ea5f	93476	35037
1506934297298	3f7a198bbf1d4e11ae0a9cfe683f976e	32039	64508
1506913957298	5fa49969aab446d5ae106eba5f513732	86013	34449
1506902077298	a770bebba98649438dd751382cef8fcd	3946	36152
1506916957298	4d6ff19d88ae457087eeb204aa5a9da7	56298	81685
1506899977298	918532125e1b46838cecc41edf959332	15470	66280
1506923737298	f962bf1ab82c44628bea683222d3ec08	18580	89598
1506934117300	eeecdc32a0f840a79e2f4c1df758960f	88161	4228
1506911197300	f2ef8f64ef7043bd8c60d37af28f3a1d	19038	34647
1506929917300	7fb268abd07a4202abbe1051ef86bd2e	82829	82103
1506906337300	8df03ec8f2c34ff38d8d707eda85834b	30950	72538
1506911857300	24f0edeaaf244ed18142812f4c87e554	99474	65052
1506929977300	ebf3e818c95647b8b415859bae9fe96c	33827	2868
1506930517300	32f94fea76204a629af572b1bb8f505a	21518	2
1506908917300	a770bebba98649438dd751382cef8fcd	36166	16069
1506934297300	f962bf1ab82c44628bea683222d3ec08	91766	15593
1506923437300	544baf9c51f0456da2233f1cdca61fc5	81467	90973
1506911977300	a1a20d0fe5c84d9fb4d545eba15924bc	10460	76899
1506899917300	bbf4436060bc4d26957817adf234e333	19079	23776
1506931417300	c3273e7f44a946128a72eb27392c368b	51081	29619
1506933877300	a988e61d21a543338abbc7cfa425285a	77513	49570
1506900817300	2db0093659ae442895324c1c438fed9a	62881	38896
1506908197300	70cb7befd07441238eab644ef34dcb16	32314	11
1506901357300	be5664d6ca154322a9e0aee1193966a8	63332	18242
1506902317300	063c0ce1758840ef8385c25e00e127f2	90191	82836
1506924037300	918532125e1b46838cecc41edf959332	5096	92644
1506914677300	65f1928d8da04bb587c9df5aa9079ac2	98227	83528
1506927757300	a5cdb5a727e54080b9b6bb59ebd41e69	7426	24064
1506907657300	a1a20d0fe5c84d9fb4d545eba15924bc	21615	45539
1506926437300	d4dd8267f8d446fbba88f21e35f50106	80444	79413
1506934297300	1a82ac93e42d40769c8993b34e9128ba	87076	37910
1506910837300	ac93c3fff03d4cd08330e3f7c5e55682	63485	10356
1506915877300	4d6ff19d88ae457087eeb204aa5a9da7	97933	7424
1506934057300	a1a20d0fe5c84d9fb4d545eba15924bc	76166	9054
1506904237300	b67d235ff89d4d4dadb14e3f470d7396	71072	20982
1506912697300	63a800c7568e4f9aad99ac9f2722811c	22577	47463
1506919837300	e317c51976bd496ab054b0f301b94efe	57899	2331
1506924457300	2b9b45941a3f4f439a01d0894043e524	6098	9558
1506933157300	bb5ecb07fbaf4ff692555f92d7b134dd	44344	46408
1506933337300	918532125e1b46838cecc41edf959332	80407	81442
1506927337300	ebf3e818c95647b8b415859bae9fe96c	60043	83685
1506906397300	b2a0168d84ae4e76a88ae249fe02a645	21482	96374
1506934657300	aae8052af1dc43c2a22f05a58eab1492	46528	1485
1506908557300	f2ef8f64ef7043bd8c60d37af28f3a1d	88491	96237
1506918337300	06bff071925044719aed11e8210cff1e	25296	65678
1506902377300	952a365202c4499a8b55670b5a28b8be	57304	71734
1506910297300	5ad478c662e44c3eaba57f75fa140d6f	98570	27110
1506923377300	926ae767652243948b7afc7bfbca2a17	76390	47184
1506899077300	f70d6b7169b04a1dbd8cd645137d746c	27995	26183
1506924697300	74a20e02f33c4b9e8b4e3445c59d8bcc	28294	23854
1506929317300	8e7c7f3ef84f4303b5d4ee220c35eef8	2601	31155
1506905437300	f2ef8f64ef7043bd8c60d37af28f3a1d	56579	29653
1506911977300	918532125e1b46838cecc41edf959332	70065	41599
1506902737300	5ad478c662e44c3eaba57f75fa140d6f	21921	50425
1506910597300	921d589d9a144f318227d8a38e0bb903	29262	97524
1506918217300	335c6a9dd4ac427d8774139438252ab2	65469	44579
1506920077300	e9d13be557964e919369cd425446f32a	69843	91625
1506920137300	fade0ced07fa4eecbd7443caf9ffa85d	15409	78445
1506912457300	8df03ec8f2c34ff38d8d707eda85834b	2509	7722
1506912337300	93756c6b4e17490a946ab85d49663573	14094	9923
1506912997300	15eaa6c2098c46fdb608bedad216c742	34627	27732
1506915997300	8c39e9d7c4044b5fa3dd7f7b6d1c2573	32993	39107
1506899797300	7f02f33822204b309cc1d5995eafc830	92376	44437
1506904657300	535a9bcf126d48f591c9a635ee405123	60176	39869
1506934897300	6524cf35b21645ec902ff20a02783620	41189	65040
1506933697300	74a20e02f33c4b9e8b4e3445c59d8bcc	36156	99028
1506907357300	5fa49969aab446d5ae106eba5f513732	89569	64727
1506916897300	5fa49969aab446d5ae106eba5f513732	96767	66267
1506900517300	952a365202c4499a8b55670b5a28b8be	20667	73455
1506909937300	9166891715eb4e909e1b3c9c89efb6e5	30029	30105
1506931357300	8c39e9d7c4044b5fa3dd7f7b6d1c2573	10427	78031
1506916057300	74ddd26134b7450a80c891be87fd4f78	14772	15012
1506909757300	2db0093659ae442895324c1c438fed9a	30278	62016
1506928777300	1e891dd0094d4d27a29e3c6c677452a0	7965	24649
1506920557300	544baf9c51f0456da2233f1cdca61fc5	49817	1821
1506926197300	93756c6b4e17490a946ab85d49663573	72618	70050
1506930037300	a5cdb5a727e54080b9b6bb59ebd41e69	29963	45236
1506900577300	8df03ec8f2c34ff38d8d707eda85834b	79416	52861
1506908617301	32f94fea76204a629af572b1bb8f505a	86797	41124
1506925297301	f70d6b7169b04a1dbd8cd645137d746c	6780	99644
1506903877301	d4dd8267f8d446fbba88f21e35f50106	73738	76252
1506902197301	2db0093659ae442895324c1c438fed9a	19143	72751
1506917197301	be5664d6ca154322a9e0aee1193966a8	87977	92066
1506916837301	212bb2a4d4b3446ebf2a2348382f2038	29316	79163
1506914857301	918532125e1b46838cecc41edf959332	44904	89961
1506908737301	32f94fea76204a629af572b1bb8f505a	15926	49622
1506932557301	3871751d098744ea9f7ffe443d28ea5f	18752	33624
1506910477301	bf2a5bb0c90e45e0bf2c60646f920de4	11229	81575
1506911737301	e9d13be557964e919369cd425446f32a	95493	24938
1506899257301	1e891dd0094d4d27a29e3c6c677452a0	45903	33290
1506903817301	32f94fea76204a629af572b1bb8f505a	20229	75336
1506903517301	ce505ad1469444a985d5d7334d82f980	65408	79018
1506902797301	a6ff32ebc9364b3f95ea0bb118ae9f63	21318	16048
1506905917301	6bb8e074cd4e4e2b8ef6955d8a56c115	92412	66821
1506908377301	d6c3fc8326c14e95a86f556819f86cdb	16425	26705
1506924217301	a71a500f14d1446c82d09e3e84f7c3a8	98730	30091
1506907237301	fade0ced07fa4eecbd7443caf9ffa85d	30795	72140
1506921697301	3f7a198bbf1d4e11ae0a9cfe683f976e	79304	41919
1506915157301	a7bd603c9f98402db6c20f2e1ab5ced2	65857	81556
1506917137301	926ae767652243948b7afc7bfbca2a17	54291	76436
1506933817301	b68d4e275fe245958474e1fc6e020c98	4633	58094
1506901477301	3f7a198bbf1d4e11ae0a9cfe683f976e	46814	34832
1506906877301	cf21db3ccd7647c38f6f0c1c6862267e	89693	45010
1506924577301	aae8052af1dc43c2a22f05a58eab1492	93559	44940
1506914077301	fade0ced07fa4eecbd7443caf9ffa85d	93552	50023
1506916477301	b68d4e275fe245958474e1fc6e020c98	78791	50801
1506922177301	a465c6c396564cd98ea9452931e5d923	37456	36266
1506919657301	24f0edeaaf244ed18142812f4c87e554	40976	22843
1506910417301	b7dc368c1e9f4d4da9ae2573fd8c15b1	91060	93895
1506921577301	2b9b45941a3f4f439a01d0894043e524	33967	61530
1506903397301	a988e61d21a543338abbc7cfa425285a	22766	18462
1506902077301	b7dc368c1e9f4d4da9ae2573fd8c15b1	53689	23788
1506927217301	952a365202c4499a8b55670b5a28b8be	8648	25375
1506919837303	8c39e9d7c4044b5fa3dd7f7b6d1c2573	53887	31332
1506904957303	7fb268abd07a4202abbe1051ef86bd2e	60840	30606
1506906877303	1a82ac93e42d40769c8993b34e9128ba	64427	24966
1506924817303	cf21db3ccd7647c38f6f0c1c6862267e	10221	75807
1506928537303	2b9b45941a3f4f439a01d0894043e524	36355	32455
1506905377303	5fa49969aab446d5ae106eba5f513732	65745	51162
1506914617303	8df03ec8f2c34ff38d8d707eda85834b	80003	33361
1506905197303	abcaf55c5a4f40d1a4573dc695506d1f	74982	96663
1506914737303	b67d235ff89d4d4dadb14e3f470d7396	21540	90844
1506907477303	e441893d58444273b77d4f726098fb45	82811	57283
1506928117303	5fa49969aab446d5ae106eba5f513732	47289	99286
1506902977303	9166891715eb4e909e1b3c9c89efb6e5	23863	32729
1506909637303	411c13f59288421e800866a89f3930de	41550	41148
1506911977303	2db0093659ae442895324c1c438fed9a	34010	81898
1506922537303	a7bd603c9f98402db6c20f2e1ab5ced2	43689	49982
1506913477303	6bb8e074cd4e4e2b8ef6955d8a56c115	22432	3701
1506912877303	063c0ce1758840ef8385c25e00e127f2	40683	84734
1506923257303	abcaf55c5a4f40d1a4573dc695506d1f	2975	61902
1506924937303	90e7102cda184222b3d8ce05174ddfaf	91054	64945
1506921397303	24f0edeaaf244ed18142812f4c87e554	9541	68186
1506931297303	ebf3e818c95647b8b415859bae9fe96c	33189	75132
1506928837303	335c6a9dd4ac427d8774139438252ab2	86205	72433
1506908917303	c3273e7f44a946128a72eb27392c368b	62944	23927
1506930697304	24f0edeaaf244ed18142812f4c87e554	85064	67835
1506921817304	411c13f59288421e800866a89f3930de	57031	79053
1506910657304	abcaf55c5a4f40d1a4573dc695506d1f	97190	25683
1506926437304	b68d4e275fe245958474e1fc6e020c98	7804	64058
1506912217304	e317c51976bd496ab054b0f301b94efe	9452	32806
1506922357304	62b06fc99e794afb932fd4e12222daf0	61212	1259
1506924457304	07309c1286e143a996fadd4d5c5013ab	81133	74836
1506911797304	e441893d58444273b77d4f726098fb45	65148	9409
1506902917304	7471bdbebec74cad9c483d6db761f888	70164	93806
1506905197304	b67d235ff89d4d4dadb14e3f470d7396	8749	92173
1506927637304	cd32d345927c444f91dd7a9e1d4eb37c	79525	28950
1506920857304	24f0edeaaf244ed18142812f4c87e554	73753	22357
1506901537304	1e891dd0094d4d27a29e3c6c677452a0	17057	87233
1506907417304	921d589d9a144f318227d8a38e0bb903	96710	86573
1506917857304	63a800c7568e4f9aad99ac9f2722811c	78656	41048
1506927217304	7471bdbebec74cad9c483d6db761f888	9040	85663
1506903277304	15eaa6c2098c46fdb608bedad216c742	88790	36721
1506906517304	7f02f33822204b309cc1d5995eafc830	91408	99491
1506932137304	a6ff32ebc9364b3f95ea0bb118ae9f63	55856	66138
1506921817304	cd32d345927c444f91dd7a9e1d4eb37c	17465	82534
1506930877304	06bff071925044719aed11e8210cff1e	61558	26863
1506921337304	09e458c07bfe4cde91a5d6315ce3c3f8	47799	36775
1506918817304	335c6a9dd4ac427d8774139438252ab2	17608	78782
1506907777304	ebf3e818c95647b8b415859bae9fe96c	32624	45557
1506907117304	be5664d6ca154322a9e0aee1193966a8	69571	12458
1506909217304	aae8052af1dc43c2a22f05a58eab1492	32868	39218
1506919657304	544baf9c51f0456da2233f1cdca61fc5	1499	5093
1506904237304	6d313d000b674003813e8eab6dd06b10	82703	81682
1506899257304	65f1928d8da04bb587c9df5aa9079ac2	79232	64307
1506922117304	d4dd8267f8d446fbba88f21e35f50106	9155	55740
1506934297304	24f0edeaaf244ed18142812f4c87e554	74203	16973
1506922417304	8e7c7f3ef84f4303b5d4ee220c35eef8	59184	40711
1506913117304	9b7e309eb052483f80d5f2371d5f0802	15791	58715
1506919297304	18819f9eaca74d1e97670b821c05844d	12990	77438
1506900457304	abcaf55c5a4f40d1a4573dc695506d1f	61306	16121
1506915277304	1a82ac93e42d40769c8993b34e9128ba	24079	85084
1506905677304	8df03ec8f2c34ff38d8d707eda85834b	80723	18962
1506911857304	e9d13be557964e919369cd425446f32a	23519	84272
1506909877304	b7dc368c1e9f4d4da9ae2573fd8c15b1	44619	66600
1506901717304	ebf3e818c95647b8b415859bae9fe96c	8901	43194
1506919717304	7fb268abd07a4202abbe1051ef86bd2e	29358	21257
1506931177304	535a9bcf126d48f591c9a635ee405123	44209	92491
1506930457304	de841db94e59480da53ff51e0cb18672	92033	45338
1506909157304	09e458c07bfe4cde91a5d6315ce3c3f8	28270	93033
1506933277304	ce505ad1469444a985d5d7334d82f980	27203	2672
1506917797304	2b9b45941a3f4f439a01d0894043e524	93215	81928
1506914377304	f2ef8f64ef7043bd8c60d37af28f3a1d	26318	25650
1506899317304	f311dab7040d48328b0413f3d6e42e69	72355	65617
1506910837304	c942cf2851844072b78e8e71d907bdf3	94420	39864
1506907777304	1a82ac93e42d40769c8993b34e9128ba	91282	34974
1506902917304	eeecdc32a0f840a79e2f4c1df758960f	76228	6830
1506909637304	a6ff32ebc9364b3f95ea0bb118ae9f63	84383	93307
1506915397304	c80b3fac278d45d98809e380f15644f5	15076	26961
1506927577304	f962bf1ab82c44628bea683222d3ec08	87286	2534
1506907237304	24f0edeaaf244ed18142812f4c87e554	39894	10288
1506916297304	6bb8e074cd4e4e2b8ef6955d8a56c115	55037	46864
1506910177304	3f7a198bbf1d4e11ae0a9cfe683f976e	27861	95948
1506911137304	8c39e9d7c4044b5fa3dd7f7b6d1c2573	57556	90714
1506925537304	535a9bcf126d48f591c9a635ee405123	62038	2743
1506902077304	926ae767652243948b7afc7bfbca2a17	94359	15608
1506930637304	32f94fea76204a629af572b1bb8f505a	2250	39064
1506920917304	d4dd8267f8d446fbba88f21e35f50106	49592	59953
1506900757304	70cb7befd07441238eab644ef34dcb16	82360	50278
1506906937304	921d589d9a144f318227d8a38e0bb903	67399	28924
1506901657304	3871751d098744ea9f7ffe443d28ea5f	73093	90696
1506925237304	b7dc368c1e9f4d4da9ae2573fd8c15b1	75820	1123
1506928957304	7f02f33822204b309cc1d5995eafc830	25485	13147
1506905917304	2b9b45941a3f4f439a01d0894043e524	3592	17187
1506934597304	90e7102cda184222b3d8ce05174ddfaf	63080	30475
1506927217304	e9d13be557964e919369cd425446f32a	15098	42250
1506908077304	24f0edeaaf244ed18142812f4c87e554	39208	90487
1506923197304	9b7e309eb052483f80d5f2371d5f0802	2262	1239
1506904717304	a988e61d21a543338abbc7cfa425285a	77079	17585
1506907597304	ebf3e818c95647b8b415859bae9fe96c	47437	55710
1506902917304	e441893d58444273b77d4f726098fb45	56763	46524
1506921877304	90e7102cda184222b3d8ce05174ddfaf	53353	35841
1506926437304	74ddd26134b7450a80c891be87fd4f78	99348	8876
1506925177304	65f1928d8da04bb587c9df5aa9079ac2	65487	14231
1506928957304	3871751d098744ea9f7ffe443d28ea5f	76954	93129
1506902977304	e317c51976bd496ab054b0f301b94efe	90461	66984
1506903337304	ebf3e818c95647b8b415859bae9fe96c	94305	18251
1506905977304	74a20e02f33c4b9e8b4e3445c59d8bcc	20651	40077
1506916717304	2db0093659ae442895324c1c438fed9a	19958	60030
1506911737304	70cb7befd07441238eab644ef34dcb16	33292	90452
1506901717304	a71a500f14d1446c82d09e3e84f7c3a8	28960	22464
1506921217304	bbf4436060bc4d26957817adf234e333	25675	17435
1506920017304	3bc39453b5be42be80f25f8984760cbb	8930	60542
1506925237304	a5cdb5a727e54080b9b6bb59ebd41e69	62096	95088
1506927457304	8df03ec8f2c34ff38d8d707eda85834b	57621	14490
1506901897304	535a9bcf126d48f591c9a635ee405123	66234	90679
1506920197304	8e7c7f3ef84f4303b5d4ee220c35eef8	22320	22151
1506934837304	1a82ac93e42d40769c8993b34e9128ba	75877	85379
1506914917304	c4608454bb464d7f8d5f2391307b4867	83522	67786
1506926737304	a7bd603c9f98402db6c20f2e1ab5ced2	28579	93082
1506918877304	656d02aa6029468da18360ef6c495bd1	79923	93307
1506924397304	7fb268abd07a4202abbe1051ef86bd2e	484	45141
1506922657304	926ae767652243948b7afc7bfbca2a17	41448	56321
1506907537304	063c0ce1758840ef8385c25e00e127f2	43248	86813
1506926137304	fade0ced07fa4eecbd7443caf9ffa85d	51294	97945
1506927097304	90e7102cda184222b3d8ce05174ddfaf	85512	74959
1506919597304	535a9bcf126d48f591c9a635ee405123	14444	31728
1506921697304	c942cf2851844072b78e8e71d907bdf3	40906	600
1506907537304	335c6a9dd4ac427d8774139438252ab2	69347	50659
1506906097304	24f0edeaaf244ed18142812f4c87e554	54540	8858
