2017-09-01	yaojie	大数据	上海	android	1.0
2017-09-01	jhp	人工智能	南京	android	1.0
2017-09-01	wangping	人工智能	上海	android	2.0
2017-09-01	yaojie	大数据	上海	android	1.0
2017-09-02	yy	蕾丝裙	上海	iphone	1.0
2017-09-02	szh	吊带裙	南京	android	1.0
2017-09-02	szh	钱包	上海	iphone	2.0
2017-09-02	wangping	人工智能	南京	android	1.0
2017-09-01	wangping	人工智能	上海	iphone	1.0
2017-09-01	yy	蕾丝裙	上海	android	1.0
2017-09-02	jhp	双截棍	南京	iphone	1.0
2017-09-01	liaijun	钱包	上海	iphone	2.0
2017-09-01	wangping	大数据	南京	iphone	1.0
2017-09-02	yaojie	高跟鞋	南京	iphone	1.0
2017-09-01	liaijun	吊带裙	上海	android	2.0
2017-09-01	yaojie	双截棍	南京	iphone	1.0
2017-09-01	yy	高跟鞋	上海	android	1.0
2017-09-02	lyn	吊带裙	上海	iphone	2.0
2017-09-02	szh	袜子	上海	iphone	2.0
2017-09-02	yaojie	双截棍	上海	iphone	1.0
2017-09-02	yaojie	高跟鞋	上海	iphone	2.0
2017-09-01	yy	机器学习	上海	iphone	1.0
2017-09-01	szh	大数据	南京	iphone	2.0
2017-09-02	jhp	人工智能	上海	iphone	1.0
2017-09-02	szh	人工智能	上海	iphone	2.0
2017-09-02	liaijun	皮鞋	上海	android	1.0
2017-09-02	liaijun	双截棍	上海	android	2.0
2017-09-02	wangping	高跟鞋	上海	android	1.0
2017-09-01	jhp	袜子	南京	iphone	1.0
2017-09-01	jhp	吊带裙	南京	iphone	1.0
2017-09-02	yy	钱包	上海	iphone	2.0
2017-09-02	szh	吊带裙	上海	android	2.0
2017-09-01	zhangjun	连衣裙	南京	iphone	2.0
2017-09-02	szh	高跟鞋	南京	android	2.0
2017-09-02	lyn	双截棍	上海	android	2.0
2017-09-01	yy	吊带裙	南京	iphone	2.0
2017-09-01	lyn	机器学习	上海	iphone	1.0
2017-09-01	lyn	钱包	南京	iphone	2.0
2017-09-02	yy	机器学习	上海	android	2.0
2017-09-02	wangping	大数据	南京	android	1.0
2017-09-01	liaijun	钱包	上海	iphone	1.0
2017-09-02	wangping	袜子	南京	android	1.0
2017-09-01	lyn	钱包	南京	iphone	1.0
2017-09-01	lyn	钱包	上海	android	2.0
2017-09-01	yaojie	蕾丝裙	上海	iphone	2.0
2017-09-02	yy	大数据	南京	android	1.0
2017-09-01	yy	皮鞋	南京	iphone	2.0
2017-09-02	zhangjun	袜子	南京	iphone	1.0
2017-09-02	zhangjun	蕾丝裙	南京	iphone	1.0
2017-09-02	lyn	皮鞋	上海	android	2.0
2017-09-01	szh	大数据	南京	iphone	2.0
2017-09-01	zhangjun	人工智能	上海	android	2.0
2017-09-01	yaojie	蕾丝裙	南京	android	2.0
2017-09-02	zhangjun	蕾丝裙	上海	android	1.0
2017-09-02	szh	高跟鞋	上海	iphone	2.0
2017-09-01	lyn	连衣裙	南京	iphone	2.0
2017-09-01	liaijun	吊带裙	南京	android	2.0
2017-09-01	lyn	钱包	上海	iphone	2.0
2017-09-01	yy	袜子	南京	android	1.0
2017-09-01	wangping	大数据	南京	iphone	1.0
2017-09-01	zhangjun	钱包	上海	iphone	1.0
2017-09-01	yaojie	机器学习	上海	android	1.0
2017-09-01	yy	双截棍	南京	android	1.0
2017-09-02	wangping	钱包	南京	iphone	1.0
2017-09-02	yaojie	大数据	上海	iphone	2.0
2017-09-01	wangping	机器学习	南京	android	1.0
2017-09-02	liaijun	皮鞋	南京	iphone	2.0
2017-09-02	zhangjun	人工智能	南京	android	1.0
2017-09-01	jhp	双截棍	上海	iphone	1.0
2017-09-01	jhp	皮鞋	南京	iphone	1.0
2017-09-01	yaojie	皮鞋	南京	android	1.0
2017-09-02	lyn	连衣裙	南京	android	1.0
2017-09-02	yaojie	皮鞋	南京	iphone	2.0
2017-09-01	yy	蕾丝裙	南京	iphone	2.0
2017-09-01	yy	钱包	南京	android	1.0
2017-09-01	liaijun	机器学习	上海	android	2.0
2017-09-01	jhp	连衣裙	上海	android	1.0
2017-09-01	szh	吊带裙	南京	android	1.0
2017-09-01	wangping	双截棍	南京	iphone	2.0
2017-09-02	liaijun	袜子	上海	iphone	1.0
2017-09-01	yy	大数据	南京	android	2.0
2017-09-01	liaijun	钱包	上海	android	1.0
2017-09-01	wangping	大数据	上海	android	1.0
2017-09-02	szh	袜子	上海	iphone	2.0
2017-09-02	jhp	机器学习	上海	iphone	1.0
2017-09-01	yaojie	双截棍	上海	android	2.0
2017-09-02	zhangjun	皮鞋	南京	android	1.0
2017-09-01	lyn	皮鞋	上海	iphone	1.0
2017-09-02	jhp	连衣裙	上海	iphone	1.0
2017-09-02	szh	吊带裙	上海	iphone	2.0
2017-09-02	yaojie	大数据	上海	iphone	1.0
2017-09-02	liaijun	袜子	上海	iphone	2.0
2017-09-02	zhangjun	双截棍	南京	android	1.0
2017-09-02	liaijun	机器学习	上海	iphone	2.0
2017-09-01	zhangjun	高跟鞋	上海	iphone	1.0
2017-09-02	jhp	高跟鞋	上海	android	1.0
2017-09-02	yy	钱包	上海	iphone	2.0
2017-09-01	liaijun	大数据	上海	iphone	2.0
2017-09-02	jhp	钱包	南京	iphone	1.0
2017-09-02	wangping	双截棍	南京	android	2.0
2017-09-01	zhangjun	双截棍	南京	android	2.0
2017-09-01	zhangjun	双截棍	南京	iphone	1.0
2017-09-02	jhp	机器学习	南京	iphone	1.0
2017-09-01	yaojie	人工智能	上海	iphone	2.0
2017-09-02	zhangjun	连衣裙	上海	android	2.0
2017-09-01	jhp	连衣裙	南京	iphone	2.0
2017-09-02	lyn	人工智能	上海	iphone	2.0
2017-09-02	wangping	大数据	南京	iphone	2.0
2017-09-01	yy	吊带裙	南京	android	2.0
2017-09-01	liaijun	机器学习	南京	android	2.0
2017-09-01	wangping	机器学习	南京	iphone	1.0
2017-09-02	yy	袜子	南京	android	2.0
2017-09-01	jhp	皮鞋	上海	android	2.0
2017-09-01	yy	蕾丝裙	南京	iphone	2.0
2017-09-02	lyn	皮鞋	上海	iphone	1.0
2017-09-02	szh	连衣裙	南京	android	2.0
2017-09-02	szh	袜子	南京	iphone	2.0
2017-09-01	wangping	大数据	上海	android	1.0
2017-09-02	liaijun	蕾丝裙	上海	iphone	2.0
2017-09-01	yaojie	大数据	南京	android	1.0
2017-09-02	liaijun	双截棍	南京	iphone	2.0
2017-09-02	zhangjun	袜子	南京	android	2.0
2017-09-02	wangping	袜子	上海	android	2.0
2017-09-01	liaijun	吊带裙	南京	iphone	1.0
2017-09-02	liaijun	袜子	南京	android	2.0
2017-09-01	szh	蕾丝裙	南京	iphone	2.0
2017-09-01	wangping	大数据	南京	android	1.0
2017-09-01	yy	高跟鞋	上海	android	1.0
2017-09-01	lyn	皮鞋	上海	android	2.0
2017-09-02	szh	吊带裙	南京	android	1.0
2017-09-02	liaijun	皮鞋	南京	android	2.0
2017-09-02	yaojie	双截棍	上海	iphone	2.0
2017-09-02	zhangjun	蕾丝裙	上海	iphone	2.0
2017-09-01	yaojie	机器学习	南京	iphone	1.0
2017-09-02	zhangjun	蕾丝裙	南京	iphone	2.0
2017-09-01	yy	机器学习	南京	android	1.0
2017-09-01	wangping	蕾丝裙	南京	iphone	1.0
2017-09-02	yy	大数据	南京	iphone	2.0
2017-09-02	liaijun	大数据	上海	iphone	2.0
2017-09-02	wangping	人工智能	上海	iphone	1.0
2017-09-02	yy	机器学习	上海	iphone	2.0
2017-09-01	wangping	高跟鞋	上海	iphone	1.0
2017-09-02	wangping	人工智能	上海	iphone	1.0
2017-09-01	liaijun	机器学习	南京	iphone	2.0
2017-09-01	yaojie	连衣裙	上海	android	1.0
2017-09-01	liaijun	机器学习	上海	iphone	2.0
2017-09-01	szh	人工智能	上海	android	1.0
2017-09-02	yaojie	袜子	上海	iphone	2.0
2017-09-02	jhp	钱包	上海	iphone	2.0
2017-09-02	yaojie	大数据	上海	iphone	2.0
2017-09-01	szh	高跟鞋	上海	iphone	1.0
2017-09-01	zhangjun	蕾丝裙	上海	iphone	2.0
2017-09-01	wangping	大数据	南京	iphone	1.0
2017-09-02	wangping	机器学习	南京	android	1.0
2017-09-01	yy	皮鞋	上海	android	1.0
2017-09-01	yaojie	袜子	南京	android	1.0
2017-09-01	wangping	高跟鞋	南京	iphone	1.0
2017-09-02	szh	钱包	上海	iphone	1.0
2017-09-02	wangping	双截棍	南京	android	2.0
2017-09-01	yy	吊带裙	南京	android	1.0
2017-09-01	jhp	皮鞋	南京	android	2.0
2017-09-02	lyn	袜子	上海	iphone	1.0
2017-09-01	wangping	皮鞋	上海	android	2.0
2017-09-01	yaojie	皮鞋	南京	android	1.0
2017-09-01	wangping	人工智能	上海	android	2.0
2017-09-02	liaijun	蕾丝裙	南京	android	2.0
2017-09-01	liaijun	双截棍	上海	iphone	2.0
2017-09-01	szh	吊带裙	南京	iphone	2.0
2017-09-02	yaojie	皮鞋	南京	android	2.0
2017-09-02	lyn	连衣裙	上海	android	2.0
2017-09-01	wangping	大数据	上海	android	2.0
2017-09-01	zhangjun	高跟鞋	南京	android	2.0
2017-09-01	zhangjun	连衣裙	南京	android	1.0
2017-09-02	liaijun	高跟鞋	南京	android	1.0
2017-09-01	yy	人工智能	南京	android	2.0
2017-09-02	yaojie	机器学习	上海	iphone	1.0
2017-09-01	wangping	人工智能	上海	android	2.0
2017-09-01	szh	人工智能	南京	android	2.0
2017-09-02	szh	连衣裙	上海	android	2.0
2017-09-02	liaijun	连衣裙	南京	android	1.0
2017-09-02	zhangjun	皮鞋	上海	iphone	2.0
2017-09-02	jhp	蕾丝裙	上海	iphone	2.0
2017-09-01	yy	连衣裙	南京	android	1.0
2017-09-01	szh	双截棍	上海	android	2.0
2017-09-01	yaojie	大数据	上海	android	2.0
2017-09-01	zhangjun	机器学习	上海	iphone	1.0
2017-09-01	yy	钱包	南京	android	1.0
2017-09-01	jhp	袜子	南京	android	2.0
2017-09-01	wangping	蕾丝裙	上海	android	1.0
2017-09-01	zhangjun	钱包	南京	iphone	2.0
2017-09-01	szh	连衣裙	南京	android	2.0
2017-09-01	szh	袜子	南京	iphone	2.0
2017-09-01	szh	高跟鞋	南京	iphone	1.0
2017-09-01	lyn	高跟鞋	南京	android	1.0
2017-09-01	szh	钱包	上海	iphone	1.0
2017-09-01	wangping	双截棍	上海	android	2.0
2017-09-02	szh	大数据	上海	android	2.0
2017-09-02	liaijun	钱包	南京	iphone	2.0
2017-09-02	szh	皮鞋	上海	android	2.0
2017-09-01	zhangjun	蕾丝裙	南京	iphone	1.0
2017-09-02	lyn	大数据	南京	iphone	2.0
2017-09-01	liaijun	双截棍	南京	android	1.0
2017-09-02	szh	高跟鞋	南京	iphone	2.0
2017-09-01	lyn	双截棍	上海	iphone	2.0
2017-09-01	liaijun	连衣裙	南京	android	2.0
2017-09-02	lyn	吊带裙	南京	iphone	2.0
2017-09-02	szh	连衣裙	上海	android	2.0
2017-09-02	jhp	双截棍	上海	android	1.0
2017-09-01	lyn	蕾丝裙	上海	android	2.0
2017-09-01	szh	皮鞋	上海	iphone	2.0
2017-09-02	zhangjun	连衣裙	上海	android	1.0
2017-09-02	zhangjun	高跟鞋	南京	android	2.0
2017-09-02	yaojie	人工智能	南京	iphone	1.0
2017-09-02	liaijun	连衣裙	南京	iphone	2.0
2017-09-01	wangping	高跟鞋	上海	iphone	1.0
2017-09-02	liaijun	大数据	南京	android	1.0
2017-09-02	lyn	高跟鞋	上海	iphone	2.0
2017-09-01	liaijun	连衣裙	上海	iphone	1.0
2017-09-02	liaijun	机器学习	南京	iphone	2.0
2017-09-02	lyn	吊带裙	上海	iphone	1.0
2017-09-02	lyn	人工智能	南京	android	2.0
2017-09-02	zhangjun	吊带裙	上海	android	2.0
2017-09-01	zhangjun	吊带裙	上海	iphone	2.0
2017-09-01	wangping	蕾丝裙	上海	iphone	1.0
2017-09-01	jhp	机器学习	南京	android	2.0
2017-09-02	yaojie	吊带裙	上海	iphone	1.0
2017-09-02	szh	双截棍	上海	iphone	2.0
2017-09-01	szh	高跟鞋	南京	android	1.0
2017-09-01	wangping	钱包	南京	iphone	1.0
2017-09-01	zhangjun	人工智能	南京	iphone	2.0
2017-09-02	lyn	人工智能	南京	android	2.0
2017-09-02	yaojie	高跟鞋	南京	android	2.0
2017-09-01	szh	人工智能	上海	android	2.0
2017-09-01	jhp	双截棍	上海	iphone	2.0
2017-09-01	wangping	吊带裙	南京	android	2.0
2017-09-02	yy	大数据	上海	iphone	2.0
2017-09-01	yaojie	袜子	上海	iphone	2.0
2017-09-01	jhp	蕾丝裙	南京	android	2.0
2017-09-01	zhangjun	高跟鞋	南京	iphone	1.0
2017-09-02	liaijun	机器学习	南京	android	1.0
2017-09-02	zhangjun	皮鞋	上海	android	1.0
2017-09-01	szh	蕾丝裙	上海	iphone	2.0
2017-09-02	zhangjun	蕾丝裙	南京	android	1.0
2017-09-02	wangping	高跟鞋	南京	iphone	2.0
2017-09-01	zhangjun	人工智能	南京	iphone	2.0
2017-09-01	wangping	人工智能	南京	iphone	2.0
2017-09-02	yy	连衣裙	南京	android	2.0
2017-09-01	lyn	蕾丝裙	南京	iphone	2.0
2017-09-02	yaojie	连衣裙	南京	android	2.0
2017-09-02	yy	蕾丝裙	南京	iphone	2.0
2017-09-02	lyn	机器学习	上海	iphone	1.0
2017-09-02	zhangjun	人工智能	上海	iphone	1.0
2017-09-01	jhp	机器学习	上海	iphone	2.0
2017-09-01	szh	大数据	南京	android	2.0
2017-09-01	liaijun	人工智能	南京	android	1.0
2017-09-02	wangping	蕾丝裙	上海	android	2.0
2017-09-02	lyn	钱包	上海	android	2.0
2017-09-01	yy	大数据	上海	iphone	1.0
2017-09-01	yy	钱包	南京	android	2.0
2017-09-01	szh	人工智能	南京	android	1.0
2017-09-01	yaojie	皮鞋	南京	iphone	1.0
2017-09-01	zhangjun	大数据	上海	android	2.0
2017-09-01	lyn	大数据	上海	iphone	2.0
2017-09-02	szh	机器学习	上海	android	1.0
2017-09-01	wangping	双截棍	南京	iphone	1.0
2017-09-01	jhp	钱包	上海	iphone	2.0
2017-09-02	liaijun	钱包	上海	iphone	2.0
2017-09-01	lyn	皮鞋	南京	android	2.0
2017-09-01	szh	连衣裙	上海	iphone	2.0
2017-09-01	liaijun	高跟鞋	南京	iphone	1.0
2017-09-02	liaijun	人工智能	南京	iphone	1.0
2017-09-01	liaijun	机器学习	南京	iphone	2.0
2017-09-01	szh	人工智能	上海	iphone	1.0
2017-09-02	yaojie	袜子	南京	iphone	2.0
2017-09-02	lyn	皮鞋	南京	iphone	2.0
2017-09-02	yy	连衣裙	南京	iphone	2.0
2017-09-01	liaijun	双截棍	南京	iphone	1.0
2017-09-01	liaijun	高跟鞋	上海	iphone	2.0
2017-09-02	lyn	人工智能	南京	android	1.0
2017-09-01	jhp	钱包	上海	iphone	2.0
2017-09-02	wangping	人工智能	南京	iphone	2.0
2017-09-02	liaijun	袜子	南京	android	1.0
2017-09-02	lyn	钱包	南京	android	1.0
2017-09-01	szh	高跟鞋	南京	android	1.0
2017-09-02	yaojie	蕾丝裙	南京	iphone	1.0
2017-09-01	jhp	双截棍	南京	android	1.0
2017-09-02	szh	蕾丝裙	上海	android	1.0
2017-09-01	lyn	皮鞋	上海	android	2.0
2017-09-01	lyn	机器学习	南京	android	1.0
2017-09-01	jhp	连衣裙	上海	iphone	2.0
2017-09-02	jhp	皮鞋	南京	android	1.0
2017-09-02	zhangjun	蕾丝裙	上海	android	2.0
2017-09-02	yaojie	连衣裙	南京	iphone	1.0
2017-09-01	wangping	吊带裙	上海	iphone	1.0
2017-09-02	szh	机器学习	上海	android	2.0
2017-09-01	yy	人工智能	上海	android	1.0
2017-09-02	lyn	袜子	上海	iphone	2.0
2017-09-01	lyn	人工智能	上海	iphone	2.0
2017-09-02	zhangjun	人工智能	上海	android	2.0
2017-09-02	lyn	人工智能	南京	iphone	1.0
2017-09-02	szh	大数据	上海	iphone	2.0
2017-09-01	lyn	人工智能	南京	android	2.0
2017-09-02	liaijun	连衣裙	上海	iphone	1.0
2017-09-02	wangping	双截棍	上海	iphone	2.0
2017-09-02	yaojie	大数据	上海	iphone	2.0
2017-09-01	yaojie	吊带裙	上海	iphone	2.0
2017-09-02	wangping	皮鞋	南京	android	2.0
2017-09-02	lyn	蕾丝裙	南京	android	1.0
2017-09-02	wangping	双截棍	上海	iphone	2.0
2017-09-01	jhp	吊带裙	南京	iphone	2.0
2017-09-02	yy	蕾丝裙	南京	iphone	1.0
2017-09-01	liaijun	袜子	南京	iphone	1.0
2017-09-02	liaijun	人工智能	南京	android	1.0
2017-09-01	wangping	连衣裙	南京	iphone	2.0
2017-09-01	yaojie	高跟鞋	上海	android	1.0
2017-09-02	wangping	人工智能	南京	android	1.0
2017-09-02	szh	双截棍	南京	android	1.0
2017-09-01	liaijun	连衣裙	上海	android	1.0
2017-09-01	liaijun	袜子	南京	iphone	1.0
2017-09-02	yy	连衣裙	上海	android	1.0
2017-09-02	yy	蕾丝裙	上海	android	1.0
2017-09-01	lyn	皮鞋	上海	android	2.0
2017-09-01	szh	机器学习	上海	iphone	2.0
2017-09-01	lyn	钱包	南京	iphone	2.0
2017-09-02	wangping	连衣裙	南京	iphone	1.0
2017-09-01	jhp	连衣裙	上海	iphone	2.0
2017-09-02	liaijun	大数据	南京	android	1.0
2017-09-02	liaijun	钱包	南京	android	2.0
2017-09-02	zhangjun	人工智能	南京	android	2.0
2017-09-01	yaojie	双截棍	上海	android	2.0
2017-09-01	yy	双截棍	上海	iphone	2.0
2017-09-02	wangping	大数据	上海	android	1.0
2017-09-01	wangping	吊带裙	上海	iphone	1.0
2017-09-01	liaijun	皮鞋	南京	android	1.0
2017-09-02	liaijun	双截棍	上海	android	1.0
2017-09-01	liaijun	机器学习	南京	iphone	1.0
2017-09-01	yy	蕾丝裙	上海	android	2.0
2017-09-01	yaojie	连衣裙	上海	iphone	1.0
2017-09-02	szh	皮鞋	上海	iphone	2.0
2017-09-02	liaijun	机器学习	上海	iphone	1.0
2017-09-01	jhp	蕾丝裙	上海	iphone	1.0
2017-09-02	liaijun	大数据	上海	android	1.0
2017-09-02	lyn	蕾丝裙	南京	iphone	2.0
2017-09-02	wangping	高跟鞋	上海	iphone	2.0
2017-09-01	wangping	连衣裙	南京	iphone	2.0
2017-09-01	jhp	双截棍	南京	android	1.0
2017-09-02	wangping	人工智能	上海	android	2.0
2017-09-02	jhp	双截棍	南京	iphone	2.0
2017-09-02	zhangjun	钱包	上海	iphone	1.0
2017-09-01	wangping	人工智能	南京	iphone	2.0
2017-09-01	lyn	人工智能	上海	android	2.0
2017-09-01	zhangjun	机器学习	南京	iphone	1.0
2017-09-01	jhp	袜子	南京	android	1.0
2017-09-01	lyn	大数据	上海	android	1.0
2017-09-02	liaijun	吊带裙	南京	iphone	2.0
2017-09-01	liaijun	钱包	南京	iphone	1.0
2017-09-02	jhp	连衣裙	上海	android	1.0
2017-09-02	zhangjun	袜子	上海	android	2.0
2017-09-02	jhp	机器学习	南京	iphone	2.0
2017-09-01	liaijun	连衣裙	南京	iphone	1.0
2017-09-01	wangping	机器学习	南京	android	2.0
2017-09-01	yy	吊带裙	上海	android	1.0
2017-09-01	jhp	大数据	南京	iphone	2.0
2017-09-01	jhp	袜子	南京	android	2.0
2017-09-02	lyn	吊带裙	上海	iphone	2.0
2017-09-02	liaijun	大数据	上海	iphone	2.0
2017-09-01	zhangjun	皮鞋	南京	android	1.0
2017-09-01	zhangjun	袜子	南京	iphone	2.0
2017-09-02	yy	机器学习	南京	android	2.0
2017-09-01	szh	蕾丝裙	南京	android	1.0
2017-09-02	yaojie	吊带裙	上海	iphone	2.0
2017-09-01	liaijun	大数据	南京	android	2.0
2017-09-01	liaijun	大数据	南京	android	2.0
2017-09-02	lyn	连衣裙	南京	iphone	1.0
2017-09-01	lyn	人工智能	上海	iphone	1.0
2017-09-01	lyn	吊带裙	上海	iphone	2.0
2017-09-01	wangping	袜子	上海	iphone	1.0
2017-09-02	jhp	人工智能	南京	iphone	1.0
2017-09-02	szh	袜子	南京	android	1.0
2017-09-02	zhangjun	皮鞋	南京	iphone	1.0
2017-09-01	zhangjun	机器学习	上海	iphone	2.0
2017-09-01	szh	吊带裙	南京	iphone	1.0
2017-09-01	yaojie	高跟鞋	南京	iphone	2.0
2017-09-01	yaojie	吊带裙	南京	android	2.0
2017-09-01	yaojie	人工智能	南京	android	2.0
2017-09-02	liaijun	蕾丝裙	南京	iphone	2.0
2017-09-01	wangping	高跟鞋	南京	iphone	1.0
2017-09-01	zhangjun	人工智能	上海	iphone	1.0
2017-09-02	jhp	吊带裙	上海	iphone	1.0
2017-09-01	szh	蕾丝裙	上海	android	1.0
2017-09-01	lyn	人工智能	南京	iphone	2.0
2017-09-02	liaijun	机器学习	上海	iphone	2.0
2017-09-01	yy	钱包	上海	iphone	2.0
2017-09-02	szh	高跟鞋	南京	iphone	1.0
2017-09-02	zhangjun	钱包	上海	iphone	1.0
2017-09-02	jhp	皮鞋	上海	iphone	1.0
2017-09-01	zhangjun	皮鞋	南京	iphone	1.0
2017-09-01	lyn	双截棍	上海	android	2.0
2017-09-02	jhp	机器学习	上海	android	1.0
2017-09-02	lyn	钱包	上海	iphone	1.0
2017-09-01	wangping	蕾丝裙	南京	iphone	1.0
2017-09-02	yy	机器学习	南京	iphone	1.0
2017-09-01	lyn	袜子	上海	iphone	1.0
2017-09-01	liaijun	双截棍	上海	android	1.0
2017-09-01	szh	钱包	上海	android	1.0
2017-09-02	jhp	双截棍	上海	iphone	2.0
2017-09-01	liaijun	皮鞋	上海	iphone	2.0
2017-09-01	jhp	高跟鞋	上海	iphone	2.0
2017-09-01	lyn	钱包	南京	android	2.0
2017-09-02	jhp	吊带裙	南京	android	1.0
2017-09-02	lyn	连衣裙	南京	iphone	1.0
2017-09-01	yy	吊带裙	上海	android	1.0
2017-09-01	yy	皮鞋	南京	android	1.0
2017-09-01	jhp	机器学习	上海	iphone	2.0
2017-09-02	wangping	吊带裙	南京	iphone	1.0
2017-09-01	yy	吊带裙	上海	android	1.0
2017-09-01	zhangjun	人工智能	南京	android	2.0
2017-09-02	jhp	袜子	南京	iphone	1.0
2017-09-01	yaojie	人工智能	南京	iphone	2.0
2017-09-01	szh	皮鞋	上海	android	2.0
2017-09-02	szh	连衣裙	南京	android	2.0
2017-09-01	wangping	人工智能	南京	iphone	1.0
2017-09-02	szh	蕾丝裙	南京	android	2.0
2017-09-02	zhangjun	蕾丝裙	南京	android	2.0
2017-09-02	jhp	袜子	上海	iphone	2.0
2017-09-02	wangping	双截棍	上海	iphone	1.0
2017-09-02	szh	钱包	上海	android	1.0
2017-09-01	lyn	大数据	上海	iphone	2.0
2017-09-02	liaijun	机器学习	上海	android	1.0
2017-09-02	jhp	双截棍	南京	iphone	2.0
2017-09-02	yaojie	人工智能	南京	android	1.0
2017-09-02	zhangjun	皮鞋	上海	iphone	2.0
2017-09-01	wangping	吊带裙	南京	iphone	2.0
2017-09-01	yaojie	皮鞋	南京	iphone	2.0
2017-09-02	szh	大数据	南京	android	1.0
2017-09-02	wangping	人工智能	上海	iphone	2.0
2017-09-01	lyn	双截棍	上海	android	2.0
2017-09-02	wangping	大数据	南京	android	2.0
2017-09-01	yy	机器学习	上海	iphone	1.0
2017-09-02	zhangjun	皮鞋	上海	android	2.0
2017-09-01	wangping	连衣裙	南京	iphone	2.0
2017-09-02	liaijun	皮鞋	上海	android	1.0
2017-09-02	szh	高跟鞋	南京	iphone	1.0
2017-09-01	szh	皮鞋	上海	iphone	1.0
2017-09-01	zhangjun	机器学习	南京	iphone	1.0
2017-09-01	jhp	人工智能	南京	iphone	2.0
2017-09-02	zhangjun	高跟鞋	南京	android	2.0
2017-09-02	liaijun	连衣裙	南京	iphone	1.0
2017-09-01	szh	机器学习	上海	android	1.0
2017-09-02	szh	机器学习	南京	android	2.0
2017-09-01	zhangjun	大数据	南京	iphone	1.0
2017-09-01	liaijun	连衣裙	南京	android	1.0
2017-09-02	szh	双截棍	上海	android	2.0
2017-09-01	jhp	袜子	南京	android	2.0
2017-09-01	lyn	蕾丝裙	上海	iphone	1.0
2017-09-02	wangping	人工智能	南京	android	2.0
2017-09-01	szh	大数据	南京	android	2.0
2017-09-01	lyn	连衣裙	南京	android	1.0
2017-09-02	lyn	皮鞋	南京	android	2.0
2017-09-02	yy	高跟鞋	上海	android	2.0
2017-09-02	yy	吊带裙	上海	iphone	2.0
2017-09-02	wangping	人工智能	南京	android	2.0
2017-09-01	liaijun	吊带裙	南京	iphone	2.0
2017-09-02	zhangjun	钱包	南京	android	2.0
2017-09-02	jhp	双截棍	南京	android	1.0
2017-09-01	jhp	袜子	上海	android	2.0
2017-09-02	szh	人工智能	上海	iphone	1.0
2017-09-02	yaojie	袜子	南京	iphone	1.0
2017-09-02	yy	袜子	上海	android	2.0
2017-09-02	szh	双截棍	南京	iphone	1.0
2017-09-02	yy	高跟鞋	上海	android	1.0
2017-09-01	wangping	双截棍	上海	iphone	1.0
2017-09-01	zhangjun	高跟鞋	上海	iphone	1.0
2017-09-02	zhangjun	双截棍	南京	iphone	2.0
2017-09-02	wangping	袜子	上海	iphone	2.0
2017-09-01	szh	连衣裙	南京	android	2.0
2017-09-02	wangping	蕾丝裙	南京	iphone	1.0
2017-09-01	wangping	皮鞋	南京	iphone	2.0
2017-09-01	yaojie	连衣裙	南京	android	1.0
2017-09-02	liaijun	人工智能	上海	android	1.0
2017-09-01	szh	连衣裙	上海	android	1.0
2017-09-02	yy	钱包	上海	iphone	2.0
2017-09-02	szh	皮鞋	上海	iphone	2.0
2017-09-02	lyn	吊带裙	上海	iphone	1.0
2017-09-02	wangping	钱包	南京	android	2.0
2017-09-01	jhp	大数据	南京	android	1.0
2017-09-02	yaojie	吊带裙	上海	android	2.0
2017-09-01	jhp	双截棍	上海	iphone	1.0
2017-09-02	yaojie	吊带裙	南京	android	1.0
2017-09-01	liaijun	皮鞋	上海	android	2.0
2017-09-02	yy	高跟鞋	南京	android	1.0
2017-09-01	liaijun	大数据	上海	android	1.0
2017-09-02	liaijun	高跟鞋	南京	iphone	1.0
2017-09-02	wangping	机器学习	上海	iphone	2.0
2017-09-02	szh	皮鞋	南京	android	1.0
2017-09-02	zhangjun	连衣裙	南京	android	2.0
2017-09-01	liaijun	高跟鞋	南京	iphone	2.0
2017-09-02	yaojie	人工智能	南京	iphone	1.0
2017-09-02	yaojie	皮鞋	上海	iphone	1.0
2017-09-02	wangping	连衣裙	南京	android	1.0
2017-09-02	jhp	大数据	南京	android	1.0
2017-09-01	jhp	钱包	上海	android	1.0
2017-09-01	zhangjun	连衣裙	南京	android	1.0
2017-09-01	zhangjun	双截棍	南京	iphone	1.0
2017-09-02	jhp	袜子	上海	android	2.0
2017-09-01	wangping	钱包	上海	android	2.0
2017-09-02	yaojie	机器学习	南京	iphone	2.0
2017-09-01	szh	连衣裙	南京	iphone	1.0
2017-09-02	lyn	高跟鞋	南京	iphone	1.0
2017-09-02	jhp	连衣裙	南京	iphone	1.0
2017-09-02	yy	皮鞋	上海	iphone	2.0
2017-09-02	wangping	机器学习	南京	android	1.0
2017-09-01	wangping	钱包	南京	android	2.0
2017-09-02	liaijun	袜子	南京	android	1.0
2017-09-02	yaojie	钱包	上海	android	2.0
2017-09-01	yaojie	袜子	上海	android	1.0
2017-09-01	zhangjun	双截棍	南京	iphone	2.0
2017-09-01	yy	吊带裙	南京	android	2.0
2017-09-01	zhangjun	袜子	南京	android	2.0
2017-09-01	zhangjun	双截棍	上海	android	1.0
2017-09-02	szh	机器学习	上海	iphone	1.0
2017-09-02	lyn	大数据	南京	android	2.0
2017-09-01	yaojie	连衣裙	上海	iphone	1.0
2017-09-01	jhp	机器学习	南京	iphone	2.0
2017-09-02	yaojie	大数据	南京	iphone	1.0
2017-09-01	yy	钱包	上海	iphone	2.0
2017-09-01	lyn	皮鞋	上海	iphone	1.0
2017-09-02	liaijun	钱包	上海	android	1.0
2017-09-02	lyn	连衣裙	南京	iphone	2.0
2017-09-02	szh	钱包	上海	iphone	1.0
2017-09-01	wangping	高跟鞋	上海	android	1.0
2017-09-02	jhp	人工智能	上海	iphone	2.0
2017-09-02	yaojie	连衣裙	南京	android	2.0
2017-09-01	yy	双截棍	上海	android	1.0
2017-09-02	szh	机器学习	南京	iphone	2.0
2017-09-02	wangping	吊带裙	南京	iphone	1.0
2017-09-01	szh	钱包	上海	iphone	1.0
2017-09-02	jhp	皮鞋	上海	iphone	2.0
2017-09-02	szh	蕾丝裙	南京	android	1.0
2017-09-01	jhp	蕾丝裙	南京	iphone	2.0
2017-09-01	szh	吊带裙	南京	android	1.0
2017-09-01	szh	钱包	南京	iphone	2.0
2017-09-02	yaojie	连衣裙	南京	android	2.0
2017-09-02	wangping	蕾丝裙	上海	android	2.0
2017-09-02	zhangjun	钱包	南京	android	2.0
2017-09-02	jhp	大数据	上海	iphone	1.0
2017-09-01	wangping	机器学习	上海	android	1.0
2017-09-02	liaijun	袜子	上海	iphone	2.0
2017-09-02	yaojie	机器学习	上海	iphone	1.0
2017-09-02	yy	人工智能	南京	iphone	1.0
2017-09-01	szh	人工智能	南京	iphone	1.0
2017-09-02	szh	皮鞋	上海	iphone	2.0
2017-09-02	zhangjun	高跟鞋	上海	android	1.0
2017-09-01	szh	皮鞋	南京	iphone	2.0
2017-09-02	liaijun	袜子	上海	iphone	2.0
2017-09-02	yaojie	双截棍	南京	android	2.0
2017-09-01	liaijun	机器学习	上海	android	1.0
2017-09-02	wangping	大数据	上海	iphone	1.0
2017-09-01	wangping	高跟鞋	南京	android	1.0
2017-09-01	lyn	人工智能	南京	android	2.0
2017-09-01	lyn	钱包	南京	android	1.0
2017-09-02	szh	连衣裙	上海	android	1.0
2017-09-02	wangping	皮鞋	上海	android	2.0
2017-09-02	szh	吊带裙	上海	iphone	1.0
2017-09-01	liaijun	钱包	南京	android	1.0
2017-09-01	wangping	钱包	南京	android	2.0
2017-09-01	zhangjun	双截棍	上海	iphone	1.0
2017-09-02	szh	袜子	上海	iphone	2.0
2017-09-02	jhp	人工智能	上海	iphone	2.0
2017-09-02	yaojie	皮鞋	南京	android	1.0
2017-09-01	jhp	皮鞋	上海	android	1.0
2017-09-02	yaojie	钱包	上海	android	2.0
2017-09-01	szh	钱包	上海	android	1.0
2017-09-02	zhangjun	连衣裙	上海	iphone	2.0
2017-09-02	wangping	双截棍	上海	android	1.0
2017-09-02	yy	皮鞋	上海	android	2.0
2017-09-02	lyn	大数据	南京	iphone	1.0
2017-09-02	wangping	袜子	南京	iphone	2.0
2017-09-01	zhangjun	高跟鞋	上海	iphone	1.0
2017-09-02	jhp	蕾丝裙	南京	android	2.0
2017-09-02	yy	大数据	南京	iphone	2.0
2017-09-01	yaojie	袜子	上海	android	1.0
2017-09-02	yaojie	大数据	南京	android	1.0
2017-09-02	jhp	人工智能	上海	android	2.0
2017-09-02	liaijun	连衣裙	南京	android	2.0
2017-09-02	yaojie	双截棍	上海	android	1.0
2017-09-02	yaojie	人工智能	上海	android	2.0
2017-09-01	wangping	连衣裙	上海	iphone	2.0
2017-09-02	yaojie	皮鞋	南京	android	2.0
2017-09-01	szh	双截棍	南京	android	2.0
2017-09-01	lyn	皮鞋	上海	android	2.0
2017-09-01	szh	双截棍	南京	iphone	1.0
2017-09-01	liaijun	皮鞋	南京	iphone	2.0
2017-09-01	zhangjun	双截棍	南京	iphone	1.0
2017-09-02	wangping	高跟鞋	上海	iphone	1.0
2017-09-02	jhp	钱包	南京	android	1.0
2017-09-02	yaojie	人工智能	上海	iphone	1.0
2017-09-01	zhangjun	吊带裙	南京	android	1.0
2017-09-02	szh	双截棍	上海	iphone	2.0
2017-09-02	zhangjun	吊带裙	上海	iphone	1.0
2017-09-01	zhangjun	机器学习	南京	iphone	1.0
2017-09-01	liaijun	人工智能	南京	iphone	1.0
2017-09-01	jhp	钱包	南京	android	1.0
2017-09-02	lyn	人工智能	上海	iphone	1.0
2017-09-01	liaijun	双截棍	上海	android	2.0
2017-09-02	yy	机器学习	上海	android	1.0
2017-09-02	jhp	机器学习	上海	iphone	1.0
2017-09-02	yaojie	双截棍	南京	iphone	1.0
2017-09-01	yy	大数据	南京	android	1.0
2017-09-02	jhp	双截棍	南京	android	1.0
2017-09-01	szh	机器学习	上海	iphone	2.0
2017-09-01	zhangjun	双截棍	上海	iphone	1.0
2017-09-02	zhangjun	人工智能	南京	android	1.0
2017-09-02	zhangjun	双截棍	上海	iphone	1.0
2017-09-02	wangping	机器学习	南京	android	2.0
2017-09-02	jhp	双截棍	南京	android	2.0
2017-09-02	jhp	钱包	上海	iphone	1.0
2017-09-01	yy	大数据	南京	iphone	1.0
2017-09-01	jhp	蕾丝裙	南京	android	2.0
2017-09-01	wangping	袜子	南京	iphone	1.0
2017-09-02	szh	人工智能	南京	android	2.0
2017-09-01	liaijun	大数据	南京	iphone	2.0
2017-09-01	zhangjun	吊带裙	上海	iphone	2.0
2017-09-01	zhangjun	大数据	南京	android	2.0
2017-09-01	szh	大数据	上海	android	1.0
2017-09-02	lyn	高跟鞋	上海	iphone	2.0
2017-09-02	jhp	大数据	上海	android	1.0
2017-09-02	wangping	机器学习	上海	iphone	2.0
2017-09-02	szh	皮鞋	南京	android	2.0
2017-09-02	lyn	双截棍	上海	iphone	1.0
2017-09-01	yaojie	人工智能	南京	android	2.0
2017-09-02	yy	高跟鞋	上海	android	1.0
2017-09-01	jhp	连衣裙	南京	android	1.0
2017-09-01	wangping	人工智能	南京	iphone	1.0
2017-09-02	jhp	人工智能	上海	iphone	2.0
2017-09-01	lyn	机器学习	南京	iphone	2.0
2017-09-01	zhangjun	高跟鞋	南京	iphone	2.0
2017-09-01	lyn	吊带裙	上海	android	1.0
2017-09-01	yy	高跟鞋	上海	android	2.0
2017-09-02	wangping	机器学习	上海	android	1.0
2017-09-02	yaojie	蕾丝裙	上海	iphone	1.0
2017-09-02	jhp	高跟鞋	南京	android	2.0
2017-09-01	zhangjun	连衣裙	南京	iphone	1.0
2017-09-01	zhangjun	高跟鞋	南京	iphone	2.0
2017-09-01	lyn	蕾丝裙	南京	android	2.0
2017-09-01	szh	双截棍	南京	android	2.0
2017-09-02	lyn	人工智能	上海	android	1.0
2017-09-02	szh	钱包	南京	iphone	1.0
2017-09-02	wangping	高跟鞋	南京	iphone	2.0
2017-09-01	yaojie	人工智能	南京	android	1.0
2017-09-01	yaojie	人工智能	上海	android	2.0
2017-09-02	jhp	机器学习	南京	iphone	2.0
2017-09-02	wangping	大数据	南京	android	2.0
2017-09-02	jhp	连衣裙	南京	android	1.0
2017-09-01	zhangjun	吊带裙	上海	iphone	2.0
2017-09-01	lyn	钱包	南京	android	1.0
2017-09-02	wangping	大数据	上海	android	2.0
2017-09-01	wangping	大数据	上海	iphone	1.0
2017-09-01	jhp	钱包	上海	android	2.0
2017-09-01	jhp	连衣裙	南京	iphone	2.0
2017-09-02	lyn	袜子	南京	android	2.0
2017-09-02	yaojie	高跟鞋	南京	iphone	1.0
2017-09-02	yy	吊带裙	南京	android	1.0
2017-09-01	zhangjun	大数据	上海	android	2.0
2017-09-01	yy	吊带裙	南京	android	1.0
2017-09-02	yaojie	袜子	上海	android	1.0
2017-09-02	szh	机器学习	上海	iphone	1.0
2017-09-01	wangping	吊带裙	上海	android	1.0
2017-09-02	wangping	连衣裙	上海	iphone	2.0
2017-09-02	lyn	吊带裙	上海	iphone	1.0
2017-09-01	yaojie	高跟鞋	南京	android	2.0
2017-09-01	zhangjun	大数据	南京	android	2.0
2017-09-01	liaijun	双截棍	南京	android	1.0
2017-09-02	yaojie	吊带裙	南京	android	2.0
2017-09-02	lyn	蕾丝裙	上海	android	2.0
2017-09-02	zhangjun	双截棍	南京	iphone	2.0
2017-09-02	wangping	钱包	上海	android	1.0
2017-09-02	zhangjun	双截棍	上海	iphone	1.0
2017-09-02	lyn	机器学习	南京	iphone	1.0
2017-09-01	lyn	皮鞋	南京	android	1.0
2017-09-02	liaijun	吊带裙	南京	android	1.0
2017-09-01	lyn	双截棍	南京	android	1.0
2017-09-02	zhangjun	高跟鞋	南京	android	2.0
2017-09-01	zhangjun	双截棍	上海	android	1.0
2017-09-02	szh	双截棍	上海	android	2.0
2017-09-01	yy	吊带裙	南京	iphone	2.0
2017-09-01	yaojie	蕾丝裙	上海	android	1.0
2017-09-02	liaijun	连衣裙	上海	iphone	2.0
2017-09-01	lyn	高跟鞋	上海	iphone	1.0
2017-09-01	szh	蕾丝裙	上海	android	2.0
2017-09-02	jhp	钱包	南京	iphone	2.0
2017-09-02	zhangjun	皮鞋	南京	android	2.0
2017-09-02	yy	机器学习	南京	android	2.0
2017-09-02	yy	蕾丝裙	上海	android	1.0
2017-09-02	szh	皮鞋	南京	android	2.0
2017-09-02	liaijun	大数据	南京	android	1.0
2017-09-02	zhangjun	双截棍	上海	iphone	1.0
2017-09-01	jhp	大数据	上海	iphone	2.0
2017-09-01	lyn	皮鞋	南京	iphone	1.0
2017-09-01	lyn	大数据	上海	iphone	1.0
2017-09-02	yy	袜子	上海	android	1.0
2017-09-02	szh	机器学习	上海	iphone	2.0
2017-09-01	yaojie	人工智能	南京	iphone	2.0
2017-09-01	liaijun	袜子	南京	android	1.0
2017-09-02	yaojie	机器学习	南京	iphone	1.0
2017-09-01	szh	大数据	上海	android	2.0
2017-09-02	zhangjun	双截棍	上海	iphone	2.0
2017-09-01	liaijun	袜子	南京	android	1.0
2017-09-01	zhangjun	人工智能	上海	iphone	1.0
2017-09-01	lyn	大数据	南京	iphone	1.0
2017-09-02	lyn	高跟鞋	上海	iphone	1.0
2017-09-01	lyn	双截棍	南京	android	1.0
2017-09-01	yaojie	蕾丝裙	上海	android	1.0
2017-09-02	wangping	连衣裙	南京	iphone	1.0
2017-09-01	liaijun	蕾丝裙	南京	android	1.0
2017-09-02	liaijun	高跟鞋	南京	iphone	1.0
2017-09-02	yy	高跟鞋	南京	android	2.0
2017-09-01	zhangjun	钱包	南京	android	1.0
2017-09-02	szh	连衣裙	南京	android	2.0
2017-09-01	lyn	高跟鞋	上海	iphone	2.0
2017-09-02	szh	大数据	南京	android	1.0
2017-09-01	lyn	双截棍	南京	android	2.0
2017-09-01	yaojie	双截棍	南京	android	2.0
2017-09-01	lyn	袜子	南京	android	2.0
2017-09-02	zhangjun	袜子	上海	iphone	2.0
2017-09-02	zhangjun	袜子	南京	iphone	2.0
2017-09-01	zhangjun	机器学习	南京	iphone	2.0
2017-09-01	wangping	吊带裙	上海	android	1.0
2017-09-02	jhp	袜子	南京	android	2.0
2017-09-02	wangping	钱包	南京	android	1.0
2017-09-02	yaojie	高跟鞋	上海	android	1.0
2017-09-02	lyn	钱包	南京	android	1.0
2017-09-01	zhangjun	蕾丝裙	南京	iphone	2.0
2017-09-02	yy	皮鞋	南京	iphone	1.0
2017-09-01	wangping	皮鞋	上海	iphone	1.0
2017-09-02	lyn	大数据	南京	android	2.0
2017-09-01	jhp	连衣裙	南京	iphone	2.0
2017-09-01	yaojie	蕾丝裙	南京	android	2.0
2017-09-02	liaijun	大数据	南京	android	1.0
2017-09-02	zhangjun	袜子	上海	android	1.0
2017-09-02	jhp	连衣裙	上海	android	1.0
2017-09-01	yaojie	机器学习	上海	iphone	2.0
2017-09-01	jhp	袜子	上海	iphone	2.0
2017-09-01	yaojie	钱包	上海	iphone	1.0
2017-09-01	lyn	钱包	南京	android	2.0
2017-09-02	wangping	皮鞋	上海	iphone	1.0
2017-09-01	wangping	钱包	上海	iphone	2.0
2017-09-02	lyn	机器学习	南京	android	2.0
2017-09-02	szh	皮鞋	南京	android	2.0
2017-09-02	jhp	机器学习	南京	iphone	2.0
2017-09-01	lyn	高跟鞋	上海	iphone	1.0
2017-09-02	lyn	袜子	上海	iphone	1.0
2017-09-01	yaojie	蕾丝裙	南京	iphone	1.0
2017-09-01	szh	连衣裙	上海	iphone	1.0
2017-09-01	yaojie	袜子	上海	android	1.0
2017-09-02	liaijun	钱包	上海	android	1.0
2017-09-01	zhangjun	双截棍	上海	iphone	2.0
2017-09-01	lyn	大数据	南京	iphone	2.0
2017-09-01	lyn	吊带裙	南京	iphone	1.0
2017-09-02	liaijun	双截棍	上海	iphone	1.0
2017-09-01	lyn	双截棍	上海	iphone	1.0
2017-09-01	lyn	人工智能	上海	android	2.0
2017-09-02	lyn	人工智能	上海	iphone	2.0
2017-09-01	yaojie	大数据	上海	android	1.0
2017-09-01	lyn	蕾丝裙	南京	iphone	2.0
2017-09-02	szh	皮鞋	上海	iphone	2.0
2017-09-02	liaijun	大数据	上海	iphone	1.0
2017-09-02	wangping	蕾丝裙	上海	android	1.0
2017-09-01	wangping	袜子	上海	android	1.0
2017-09-01	yy	高跟鞋	南京	android	1.0
2017-09-01	szh	吊带裙	南京	android	1.0
2017-09-02	szh	钱包	南京	iphone	2.0
2017-09-02	jhp	袜子	上海	android	2.0
2017-09-02	liaijun	人工智能	上海	iphone	1.0
2017-09-02	szh	高跟鞋	南京	android	1.0
2017-09-02	lyn	双截棍	南京	android	2.0
2017-09-02	wangping	连衣裙	南京	iphone	1.0
2017-09-02	wangping	连衣裙	上海	iphone	1.0
2017-09-02	zhangjun	高跟鞋	南京	iphone	1.0
2017-09-02	jhp	袜子	上海	android	2.0
2017-09-01	liaijun	蕾丝裙	上海	iphone	2.0
2017-09-01	wangping	皮鞋	上海	iphone	1.0
2017-09-02	liaijun	双截棍	上海	iphone	2.0
2017-09-01	yy	连衣裙	南京	iphone	1.0
2017-09-02	yy	吊带裙	南京	android	2.0
2017-09-02	jhp	高跟鞋	南京	android	1.0
2017-09-02	wangping	吊带裙	南京	iphone	1.0
2017-09-01	jhp	机器学习	上海	iphone	1.0
2017-09-02	zhangjun	钱包	南京	iphone	1.0
2017-09-01	jhp	大数据	南京	iphone	2.0
2017-09-02	szh	吊带裙	南京	iphone	1.0
2017-09-01	jhp	袜子	上海	android	2.0
2017-09-02	yy	人工智能	上海	iphone	1.0
2017-09-01	jhp	机器学习	南京	iphone	2.0
2017-09-01	wangping	双截棍	南京	android	2.0
2017-09-02	jhp	钱包	南京	iphone	1.0
2017-09-02	yaojie	蕾丝裙	南京	android	1.0
2017-09-02	yy	连衣裙	南京	iphone	1.0
2017-09-01	szh	高跟鞋	南京	iphone	1.0
2017-09-02	jhp	吊带裙	南京	iphone	1.0
2017-09-02	yy	高跟鞋	南京	android	1.0
2017-09-02	zhangjun	机器学习	上海	android	2.0
2017-09-01	szh	人工智能	上海	iphone	2.0
2017-09-02	jhp	双截棍	南京	android	2.0
2017-09-01	yy	双截棍	南京	android	1.0
2017-09-02	yaojie	皮鞋	南京	iphone	1.0
2017-09-01	yaojie	吊带裙	南京	android	2.0
2017-09-01	yaojie	高跟鞋	南京	android	2.0
2017-09-02	zhangjun	钱包	上海	android	2.0
2017-09-01	wangping	高跟鞋	南京	iphone	1.0
2017-09-01	zhangjun	双截棍	上海	android	2.0
2017-09-02	yaojie	机器学习	上海	iphone	1.0
2017-09-01	szh	连衣裙	南京	android	1.0
2017-09-01	jhp	蕾丝裙	上海	android	1.0
2017-09-02	zhangjun	人工智能	南京	iphone	1.0
2017-09-01	szh	吊带裙	上海	iphone	2.0
2017-09-01	wangping	大数据	南京	iphone	2.0
2017-09-01	szh	连衣裙	南京	android	2.0
2017-09-01	yy	双截棍	上海	android	2.0
2017-09-02	jhp	双截棍	上海	android	1.0
2017-09-01	lyn	机器学习	南京	android	2.0
2017-09-01	liaijun	吊带裙	南京	android	1.0
2017-09-02	yy	钱包	上海	android	2.0
2017-09-02	wangping	高跟鞋	上海	iphone	2.0
2017-09-02	yaojie	皮鞋	南京	android	2.0
2017-09-02	lyn	双截棍	上海	android	2.0
2017-09-01	liaijun	连衣裙	上海	iphone	2.0
2017-09-02	yaojie	机器学习	南京	android	2.0
2017-09-01	wangping	人工智能	上海	iphone	2.0
2017-09-01	jhp	机器学习	上海	iphone	1.0
2017-09-01	yy	人工智能	南京	iphone	1.0
2017-09-02	szh	吊带裙	南京	iphone	1.0
2017-09-02	yaojie	人工智能	上海	iphone	1.0
2017-09-01	yaojie	袜子	南京	iphone	2.0
2017-09-01	liaijun	高跟鞋	南京	iphone	2.0
2017-09-01	wangping	钱包	上海	android	2.0
2017-09-01	yy	蕾丝裙	南京	android	2.0
2017-09-01	yaojie	人工智能	上海	iphone	2.0
2017-09-02	zhangjun	人工智能	南京	iphone	1.0
2017-09-01	wangping	双截棍	南京	iphone	1.0
2017-09-01	yaojie	双截棍	上海	android	1.0
2017-09-02	yy	袜子	南京	android	1.0
2017-09-01	zhangjun	高跟鞋	南京	iphone	2.0
2017-09-02	zhangjun	高跟鞋	上海	iphone	2.0
2017-09-02	yaojie	吊带裙	南京	android	1.0
2017-09-02	zhangjun	双截棍	南京	iphone	1.0
2017-09-02	wangping	皮鞋	上海	iphone	1.0
2017-09-01	yaojie	蕾丝裙	上海	android	1.0
2017-09-02	lyn	袜子	上海	android	1.0
2017-09-01	jhp	蕾丝裙	上海	iphone	2.0
2017-09-01	jhp	吊带裙	上海	android	1.0
2017-09-01	jhp	大数据	南京	android	1.0
2017-09-02	zhangjun	大数据	上海	iphone	2.0
2017-09-01	yaojie	大数据	上海	android	1.0
2017-09-01	zhangjun	大数据	南京	iphone	1.0
2017-09-01	zhangjun	皮鞋	南京	iphone	2.0
2017-09-02	yaojie	吊带裙	上海	iphone	2.0
2017-09-02	liaijun	袜子	上海	iphone	1.0
2017-09-02	yy	袜子	南京	iphone	2.0
2017-09-01	jhp	大数据	南京	iphone	1.0
2017-09-01	jhp	机器学习	上海	android	1.0
2017-09-02	liaijun	大数据	上海	android	2.0
2017-09-01	zhangjun	高跟鞋	南京	android	1.0
2017-09-02	szh	皮鞋	南京	android	2.0
2017-09-02	liaijun	袜子	南京	iphone	1.0
2017-09-01	liaijun	吊带裙	上海	iphone	1.0
2017-09-01	jhp	双截棍	上海	iphone	1.0
2017-09-02	yaojie	高跟鞋	南京	android	2.0
2017-09-02	zhangjun	吊带裙	南京	iphone	1.0
2017-09-01	lyn	钱包	南京	iphone	2.0
2017-09-01	wangping	袜子	南京	android	2.0
2017-09-02	jhp	大数据	南京	android	2.0
2017-09-01	yy	连衣裙	上海	android	2.0
2017-09-01	zhangjun	大数据	南京	android	2.0
2017-09-01	szh	蕾丝裙	上海	android	1.0
2017-09-02	liaijun	吊带裙	南京	android	2.0
2017-09-01	yaojie	连衣裙	上海	iphone	1.0
2017-09-01	jhp	蕾丝裙	南京	android	1.0
2017-09-01	wangping	蕾丝裙	南京	android	2.0
2017-09-01	lyn	蕾丝裙	上海	android	1.0
2017-09-01	liaijun	高跟鞋	南京	android	1.0
2017-09-02	yaojie	连衣裙	上海	android	2.0
2017-09-01	lyn	蕾丝裙	南京	android	1.0
2017-09-02	yaojie	连衣裙	南京	iphone	1.0
2017-09-01	yy	吊带裙	上海	android	2.0
2017-09-02	yy	蕾丝裙	南京	iphone	2.0
2017-09-02	zhangjun	钱包	南京	android	2.0
2017-09-02	zhangjun	皮鞋	南京	iphone	1.0
2017-09-02	yaojie	大数据	南京	android	1.0
2017-09-02	wangping	高跟鞋	上海	iphone	2.0
2017-09-02	wangping	蕾丝裙	上海	android	2.0
2017-09-02	lyn	蕾丝裙	南京	android	2.0
2017-09-02	zhangjun	人工智能	南京	iphone	2.0
2017-09-02	wangping	钱包	南京	iphone	1.0
2017-09-01	yaojie	连衣裙	南京	iphone	2.0
2017-09-02	liaijun	高跟鞋	上海	android	1.0
2017-09-01	yaojie	皮鞋	南京	android	1.0
2017-09-02	jhp	蕾丝裙	南京	iphone	2.0
2017-09-02	liaijun	人工智能	南京	iphone	2.0
2017-09-01	yaojie	高跟鞋	上海	android	1.0
2017-09-01	wangping	人工智能	上海	android	1.0
2017-09-01	yy	双截棍	上海	android	2.0
2017-09-01	yaojie	双截棍	南京	android	1.0
2017-09-01	yaojie	大数据	上海	iphone	2.0
2017-09-02	liaijun	机器学习	上海	android	2.0
2017-09-02	szh	钱包	南京	android	1.0
2017-09-02	zhangjun	连衣裙	上海	android	1.0
2017-09-01	jhp	钱包	上海	iphone	1.0
2017-09-01	lyn	袜子	南京	iphone	2.0
2017-09-02	liaijun	高跟鞋	南京	iphone	1.0
2017-09-02	zhangjun	皮鞋	上海	iphone	1.0
2017-09-01	yy	皮鞋	上海	android	2.0
2017-09-01	wangping	人工智能	南京	android	2.0
2017-09-01	szh	吊带裙	南京	iphone	2.0
2017-09-01	liaijun	连衣裙	南京	iphone	1.0
2017-09-02	jhp	蕾丝裙	上海	android	1.0
2017-09-01	jhp	双截棍	上海	iphone	1.0
2017-09-02	yaojie	钱包	上海	android	1.0
2017-09-01	lyn	高跟鞋	上海	iphone	2.0
2017-09-01	szh	连衣裙	南京	iphone	2.0
2017-09-02	yy	高跟鞋	上海	iphone	2.0
2017-09-01	lyn	蕾丝裙	上海	android	1.0
2017-09-01	lyn	吊带裙	南京	iphone	1.0
2017-09-01	jhp	皮鞋	上海	iphone	1.0
2017-09-01	jhp	吊带裙	上海	android	1.0
2017-09-02	liaijun	钱包	上海	android	2.0
2017-09-01	szh	人工智能	南京	iphone	2.0
2017-09-02	zhangjun	袜子	上海	iphone	2.0
2017-09-01	yy	高跟鞋	南京	android	1.0
2017-09-02	yy	人工智能	南京	iphone	2.0
2017-09-02	jhp	袜子	上海	android	1.0
2017-09-02	zhangjun	人工智能	上海	iphone	2.0
2017-09-01	yaojie	吊带裙	南京	iphone	2.0
2017-09-02	jhp	机器学习	南京	iphone	2.0
2017-09-01	jhp	人工智能	南京	iphone	1.0
2017-09-01	szh	机器学习	上海	iphone	2.0
2017-09-02	zhangjun	钱包	上海	android	2.0
2017-09-02	szh	机器学习	南京	android	1.0
2017-09-01	liaijun	袜子	上海	android	2.0
2017-09-01	liaijun	大数据	南京	android	1.0
2017-09-01	wangping	双截棍	南京	android	1.0
2017-09-02	liaijun	机器学习	上海	iphone	1.0
2017-09-01	liaijun	双截棍	南京	iphone	2.0
2017-09-01	szh	人工智能	南京	android	2.0
2017-09-02	jhp	吊带裙	南京	iphone	1.0
2017-09-02	szh	大数据	上海	iphone	2.0
2017-09-02	liaijun	连衣裙	上海	iphone	2.0
2017-09-01	szh	皮鞋	上海	android	1.0
2017-09-02	lyn	连衣裙	南京	android	1.0
2017-09-02	yy	吊带裙	上海	iphone	2.0
2017-09-02	zhangjun	大数据	上海	iphone	1.0
2017-09-01	yaojie	连衣裙	南京	iphone	1.0
2017-09-02	lyn	人工智能	上海	iphone	1.0
2017-09-01	yy	连衣裙	南京	android	2.0
2017-09-01	szh	钱包	上海	iphone	1.0
2017-09-01	wangping	蕾丝裙	上海	iphone	1.0
2017-09-01	zhangjun	大数据	上海	android	2.0
2017-09-01	yy	蕾丝裙	南京	android	2.0
2017-09-01	zhangjun	蕾丝裙	上海	android	1.0
2017-09-02	liaijun	大数据	南京	android	1.0
2017-09-01	jhp	机器学习	南京	iphone	1.0
2017-09-02	yy	双截棍	上海	android	2.0
2017-09-01	lyn	机器学习	南京	android	2.0
2017-09-02	szh	皮鞋	上海	android	2.0
2017-09-01	zhangjun	吊带裙	南京	android	2.0
2017-09-01	szh	双截棍	上海	iphone	1.0
2017-09-02	yy	吊带裙	南京	android	1.0
2017-09-02	wangping	大数据	南京	android	1.0
2017-09-01	wangping	蕾丝裙	南京	iphone	1.0
2017-09-02	yy	人工智能	上海	android	2.0
2017-09-02	yy	大数据	南京	iphone	2.0
2017-09-01	liaijun	人工智能	上海	iphone	2.0
2017-09-01	szh	钱包	南京	android	1.0
2017-09-02	lyn	吊带裙	上海	iphone	1.0
2017-09-01	wangping	皮鞋	南京	android	2.0
2017-09-02	szh	机器学习	上海	android	2.0
2017-09-02	yy	人工智能	上海	android	2.0
2017-09-01	yaojie	人工智能	上海	iphone	1.0
2017-09-01	wangping	大数据	上海	iphone	2.0
2017-09-01	wangping	蕾丝裙	南京	android	2.0
2017-09-02	liaijun	机器学习	上海	iphone	1.0
2017-09-01	lyn	双截棍	上海	android	1.0
2017-09-01	wangping	机器学习	上海	iphone	2.0
2017-09-02	wangping	皮鞋	上海	android	2.0
2017-09-01	wangping	蕾丝裙	上海	android	2.0
2017-09-02	zhangjun	机器学习	南京	iphone	1.0
2017-09-02	zhangjun	连衣裙	上海	iphone	2.0
2017-09-02	yy	吊带裙	南京	iphone	2.0
2017-09-01	szh	高跟鞋	南京	android	2.0
2017-09-02	yaojie	钱包	上海	android	2.0
2017-09-01	zhangjun	双截棍	南京	iphone	2.0
2017-09-01	zhangjun	吊带裙	上海	iphone	2.0
2017-09-02	liaijun	袜子	南京	android	1.0
2017-09-02	jhp	蕾丝裙	南京	iphone	1.0
2017-09-01	liaijun	连衣裙	上海	android	1.0
2017-09-01	wangping	高跟鞋	南京	iphone	2.0
2017-09-02	yaojie	高跟鞋	上海	iphone	2.0
2017-09-02	wangping	袜子	上海	iphone	2.0
2017-09-02	lyn	吊带裙	南京	iphone	1.0
2017-09-01	yaojie	人工智能	上海	iphone	2.0
2017-09-02	yaojie	双截棍	南京	iphone	1.0
2017-09-01	jhp	吊带裙	上海	android	2.0
2017-09-02	jhp	高跟鞋	上海	iphone	2.0
2017-09-02	lyn	袜子	南京	iphone	2.0
2017-09-02	jhp	高跟鞋	上海	iphone	1.0
2017-09-01	zhangjun	钱包	南京	android	2.0
2017-09-01	wangping	皮鞋	上海	android	1.0
2017-09-02	yy	钱包	南京	android	1.0
2017-09-02	wangping	双截棍	上海	android	1.0
2017-09-02	liaijun	双截棍	南京	android	2.0
2017-09-02	yy	蕾丝裙	南京	iphone	2.0
2017-09-01	zhangjun	钱包	上海	iphone	1.0
2017-09-02	zhangjun	机器学习	南京	iphone	1.0
2017-09-01	zhangjun	钱包	上海	iphone	2.0
2017-09-01	yaojie	钱包	上海	iphone	1.0
2017-09-02	jhp	袜子	南京	android	1.0
2017-09-02	lyn	袜子	南京	android	2.0
2017-09-01	wangping	大数据	南京	android	1.0
2017-09-02	liaijun	袜子	南京	iphone	1.0
2017-09-02	zhangjun	人工智能	南京	android	2.0
2017-09-01	yaojie	皮鞋	上海	iphone	2.0
2017-09-02	jhp	高跟鞋	南京	android	2.0
2017-09-02	liaijun	袜子	上海	iphone	2.0
2017-09-01	lyn	双截棍	南京	android	1.0
2017-09-02	yy	袜子	上海	iphone	2.0
2017-09-02	wangping	皮鞋	南京	iphone	1.0
2017-09-01	liaijun	皮鞋	南京	android	1.0
2017-09-01	yaojie	袜子	上海	android	1.0
2017-09-01	zhangjun	袜子	南京	iphone	1.0
2017-09-01	jhp	高跟鞋	南京	android	2.0
2017-09-01	lyn	机器学习	南京	iphone	2.0
2017-09-02	wangping	双截棍	南京	iphone	2.0
2017-09-01	zhangjun	袜子	南京	android	1.0
2017-09-01	jhp	人工智能	上海	android	2.0
2017-09-02	szh	皮鞋	上海	android	1.0
2017-09-02	yaojie	袜子	南京	iphone	2.0
2017-09-02	yaojie	钱包	南京	android	2.0
2017-09-02	yy	人工智能	南京	android	2.0
2017-09-02	yy	蕾丝裙	南京	iphone	2.0
2017-09-01	wangping	大数据	南京	iphone	1.0
2017-09-02	zhangjun	双截棍	上海	iphone	2.0
2017-09-02	zhangjun	钱包	上海	android	1.0
2017-09-01	yy	大数据	南京	iphone	1.0
2017-09-02	lyn	人工智能	上海	iphone	1.0
2017-09-02	jhp	吊带裙	上海	iphone	1.0
2017-09-02	jhp	连衣裙	上海	iphone	2.0
2017-09-01	yy	袜子	南京	android	1.0
2017-09-01	yaojie	双截棍	南京	iphone	1.0
2017-09-02	jhp	人工智能	南京	iphone	1.0
2017-09-02	szh	连衣裙	上海	android	2.0
2017-09-02	yy	钱包	上海	android	2.0
2017-09-02	yaojie	袜子	上海	iphone	2.0
2017-09-01	liaijun	蕾丝裙	上海	android	2.0
2017-09-01	zhangjun	皮鞋	上海	iphone	1.0
2017-09-02	yaojie	钱包	上海	android	2.0
2017-09-01	lyn	机器学习	上海	android	2.0
2017-09-01	jhp	高跟鞋	上海	android	1.0
2017-09-01	zhangjun	蕾丝裙	上海	android	2.0
2017-09-01	zhangjun	双截棍	上海	iphone	2.0
2017-09-01	lyn	机器学习	南京	android	1.0
2017-09-02	szh	袜子	南京	iphone	2.0
2017-09-01	liaijun	吊带裙	上海	iphone	1.0
2017-09-01	liaijun	钱包	上海	android	2.0
2017-09-02	szh	袜子	南京	iphone	2.0
2017-09-01	lyn	钱包	上海	iphone	1.0
2017-09-01	szh	连衣裙	南京	android	2.0
2017-09-01	yy	钱包	上海	android	1.0
2017-09-01	wangping	吊带裙	南京	android	2.0
2017-09-02	szh	机器学习	南京	iphone	1.0
2017-09-02	liaijun	袜子	上海	android	2.0
2017-09-02	yaojie	高跟鞋	上海	android	2.0
2017-09-01	wangping	袜子	南京	android	1.0
2017-09-02	wangping	连衣裙	上海	android	2.0
2017-09-02	yy	蕾丝裙	上海	android	2.0
2017-09-01	jhp	双截棍	上海	iphone	2.0
2017-09-01	lyn	袜子	上海	iphone	1.0
2017-09-02	lyn	双截棍	上海	iphone	1.0
2017-09-01	yy	袜子	上海	android	1.0
2017-09-02	liaijun	大数据	南京	android	1.0
2017-09-02	yaojie	袜子	南京	android	1.0
2017-09-02	lyn	皮鞋	上海	iphone	1.0
2017-09-01	zhangjun	袜子	上海	iphone	2.0
2017-09-02	szh	蕾丝裙	上海	iphone	2.0
2017-09-01	yaojie	连衣裙	上海	android	2.0
2017-09-01	yaojie	皮鞋	上海	android	1.0
2017-09-02	jhp	钱包	南京	android	1.0
2017-09-01	jhp	蕾丝裙	南京	iphone	2.0
2017-09-02	yaojie	蕾丝裙	上海	android	1.0
2017-09-02	wangping	高跟鞋	南京	iphone	1.0
2017-09-01	szh	双截棍	上海	iphone	1.0
2017-09-02	yy	高跟鞋	上海	android	1.0
2017-09-02	lyn	人工智能	南京	android	2.0
2017-09-01	wangping	双截棍	上海	iphone	1.0
2017-09-02	yy	连衣裙	上海	android	2.0
2017-09-01	liaijun	双截棍	上海	iphone	2.0
2017-09-02	lyn	袜子	上海	android	1.0
2017-09-02	szh	蕾丝裙	南京	android	1.0
2017-09-02	lyn	吊带裙	南京	android	2.0
2017-09-01	wangping	钱包	上海	android	2.0
2017-09-02	yy	连衣裙	南京	android	1.0
2017-09-02	jhp	人工智能	上海	iphone	1.0
2017-09-01	szh	钱包	上海	android	1.0
2017-09-01	yaojie	双截棍	南京	iphone	1.0
2017-09-01	lyn	双截棍	南京	android	1.0
2017-09-02	jhp	钱包	上海	iphone	2.0
2017-09-02	liaijun	连衣裙	南京	iphone	1.0
2017-09-01	zhangjun	人工智能	南京	iphone	1.0
2017-09-01	wangping	高跟鞋	上海	android	2.0
2017-09-01	wangping	袜子	南京	iphone	1.0
2017-09-01	yy	钱包	南京	android	1.0
2017-09-02	zhangjun	机器学习	上海	iphone	1.0
2017-09-02	szh	蕾丝裙	上海	iphone	1.0
2017-09-01	szh	双截棍	南京	iphone	2.0
2017-09-02	wangping	人工智能	上海	iphone	1.0
2017-09-02	szh	钱包	南京	iphone	1.0
2017-09-02	liaijun	皮鞋	南京	iphone	1.0
2017-09-02	yaojie	袜子	上海	iphone	2.0
2017-09-01	yy	人工智能	上海	iphone	1.0
2017-09-01	zhangjun	吊带裙	上海	android	2.0
2017-09-01	yy	高跟鞋	上海	android	2.0
2017-09-01	szh	连衣裙	上海	android	2.0
2017-09-02	liaijun	高跟鞋	南京	iphone	1.0
2017-09-02	liaijun	人工智能	上海	iphone	1.0
2017-09-01	szh	人工智能	上海	android	2.0
2017-09-01	zhangjun	高跟鞋	南京	iphone	1.0
2017-09-01	zhangjun	大数据	南京	iphone	1.0
2017-09-01	zhangjun	人工智能	上海	iphone	1.0
2017-09-02	jhp	机器学习	上海	android	2.0
2017-09-01	yaojie	蕾丝裙	南京	android	2.0
2017-09-01	zhangjun	皮鞋	南京	iphone	1.0
2017-09-02	lyn	机器学习	上海	iphone	1.0
2017-09-01	szh	袜子	南京	android	2.0
2017-09-01	szh	大数据	南京	android	1.0
2017-09-01	wangping	吊带裙	南京	iphone	2.0
2017-09-02	lyn	吊带裙	上海	android	1.0
2017-09-02	lyn	高跟鞋	南京	android	2.0
2017-09-02	yy	吊带裙	上海	iphone	1.0
2017-09-01	jhp	连衣裙	上海	android	1.0
2017-09-01	zhangjun	机器学习	上海	iphone	1.0
2017-09-02	szh	钱包	南京	android	1.0
2017-09-02	liaijun	蕾丝裙	南京	android	2.0
2017-09-01	szh	人工智能	南京	android	2.0
2017-09-02	jhp	机器学习	南京	iphone	2.0
2017-09-01	szh	高跟鞋	上海	android	1.0
2017-09-01	szh	连衣裙	南京	android	1.0
2017-09-02	szh	人工智能	南京	android	2.0
2017-09-01	zhangjun	吊带裙	南京	android	1.0
2017-09-02	zhangjun	大数据	南京	android	2.0
2017-09-01	wangping	皮鞋	上海	android	1.0
2017-09-02	szh	蕾丝裙	上海	android	2.0
2017-09-01	liaijun	人工智能	南京	iphone	2.0
2017-09-01	yy	连衣裙	南京	android	2.0
2017-09-01	lyn	蕾丝裙	南京	iphone	1.0
2017-09-01	szh	人工智能	上海	android	1.0
2017-09-02	zhangjun	蕾丝裙	南京	android	2.0
2017-09-02	lyn	皮鞋	南京	android	2.0
2017-09-02	liaijun	吊带裙	上海	iphone	1.0
2017-09-01	yaojie	机器学习	南京	android	1.0
2017-09-01	wangping	连衣裙	上海	android	2.0
2017-09-02	yaojie	双截棍	上海	iphone	1.0
2017-09-01	liaijun	人工智能	上海	iphone	2.0
2017-09-01	szh	钱包	上海	iphone	2.0
2017-09-02	yy	大数据	上海	android	1.0
2017-09-01	szh	袜子	上海	android	1.0
2017-09-02	lyn	高跟鞋	上海	android	2.0
2017-09-02	liaijun	大数据	南京	android	2.0
2017-09-01	wangping	大数据	上海	android	1.0
2017-09-02	szh	蕾丝裙	上海	android	2.0
2017-09-01	jhp	袜子	上海	android	2.0
2017-09-02	wangping	人工智能	上海	iphone	1.0
2017-09-01	zhangjun	人工智能	上海	android	2.0
2017-09-01	yaojie	机器学习	上海	iphone	1.0
2017-09-01	lyn	机器学习	南京	iphone	2.0
2017-09-02	yaojie	人工智能	上海	android	2.0
2017-09-01	jhp	双截棍	上海	iphone	2.0
2017-09-02	zhangjun	高跟鞋	上海	iphone	2.0
2017-09-01	liaijun	连衣裙	上海	android	2.0
2017-09-01	lyn	连衣裙	上海	iphone	1.0
2017-09-01	wangping	蕾丝裙	南京	android	1.0
2017-09-01	liaijun	机器学习	南京	iphone	1.0
2017-09-01	szh	钱包	上海	iphone	2.0
2017-09-01	szh	机器学习	南京	iphone	1.0
2017-09-01	yy	蕾丝裙	南京	iphone	2.0
2017-09-01	liaijun	大数据	上海	android	1.0
2017-09-01	zhangjun	吊带裙	南京	iphone	1.0
2017-09-02	liaijun	高跟鞋	南京	android	1.0
2017-09-02	yaojie	皮鞋	上海	iphone	2.0
2017-09-01	lyn	蕾丝裙	上海	iphone	1.0
2017-09-02	jhp	钱包	南京	iphone	2.0
2017-09-01	jhp	连衣裙	南京	iphone	1.0
2017-09-02	liaijun	袜子	上海	android	2.0
2017-09-01	yaojie	蕾丝裙	南京	android	1.0
2017-09-02	wangping	袜子	上海	android	2.0
2017-09-01	wangping	连衣裙	南京	android	1.0
2017-09-01	wangping	吊带裙	南京	android	1.0
2017-09-01	wangping	机器学习	上海	iphone	2.0
2017-09-01	yaojie	双截棍	上海	iphone	1.0
2017-09-01	yaojie	高跟鞋	上海	iphone	1.0
2017-09-01	liaijun	人工智能	上海	iphone	1.0
2017-09-02	liaijun	大数据	南京	iphone	1.0
2017-09-01	wangping	机器学习	上海	iphone	1.0
2017-09-02	zhangjun	钱包	南京	android	1.0
2017-09-01	zhangjun	袜子	上海	android	2.0
2017-09-02	yaojie	皮鞋	南京	android	2.0
2017-09-01	liaijun	吊带裙	上海	android	1.0
2017-09-01	lyn	大数据	南京	iphone	2.0
2017-09-01	yy	皮鞋	南京	android	1.0
2017-09-02	jhp	连衣裙	上海	android	2.0
2017-09-01	lyn	高跟鞋	上海	android	2.0
2017-09-01	liaijun	高跟鞋	南京	android	1.0
2017-09-02	liaijun	蕾丝裙	上海	iphone	2.0
2017-09-02	liaijun	蕾丝裙	南京	android	2.0
2017-09-01	jhp	人工智能	上海	iphone	1.0
2017-09-01	wangping	吊带裙	南京	android	1.0
2017-09-02	liaijun	吊带裙	上海	android	1.0
2017-09-01	szh	机器学习	上海	iphone	1.0
2017-09-02	zhangjun	吊带裙	上海	android	1.0
2017-09-02	zhangjun	钱包	上海	iphone	2.0
2017-09-02	lyn	大数据	南京	android	2.0
2017-09-01	wangping	皮鞋	南京	android	2.0
2017-09-01	yaojie	连衣裙	南京	android	1.0
2017-09-01	zhangjun	大数据	上海	android	2.0
2017-09-02	wangping	人工智能	南京	android	1.0
2017-09-01	jhp	人工智能	南京	iphone	2.0
2017-09-02	jhp	机器学习	上海	android	1.0
2017-09-01	wangping	袜子	南京	iphone	2.0
2017-09-02	yy	双截棍	上海	iphone	2.0
2017-09-02	zhangjun	吊带裙	上海	android	2.0
2017-09-02	szh	连衣裙	南京	iphone	1.0
2017-09-02	szh	蕾丝裙	南京	iphone	1.0
2017-09-02	zhangjun	人工智能	南京	iphone	2.0
2017-09-01	szh	蕾丝裙	上海	android	2.0
2017-09-01	wangping	皮鞋	南京	android	1.0
2017-09-02	yaojie	钱包	南京	iphone	2.0
2017-09-02	liaijun	吊带裙	南京	iphone	2.0
2017-09-02	zhangjun	袜子	南京	android	2.0
2017-09-01	wangping	袜子	上海	iphone	2.0
2017-09-02	yy	皮鞋	南京	android	1.0
2017-09-01	szh	钱包	南京	iphone	2.0
2017-09-02	jhp	吊带裙	上海	android	1.0
2017-09-02	liaijun	高跟鞋	上海	iphone	2.0
2017-09-02	szh	连衣裙	南京	iphone	2.0
2017-09-01	wangping	蕾丝裙	南京	iphone	1.0
2017-09-01	liaijun	大数据	上海	android	2.0
2017-09-02	lyn	大数据	上海	iphone	1.0
2017-09-02	jhp	人工智能	南京	iphone	2.0
2017-09-02	lyn	机器学习	南京	android	2.0
2017-09-02	wangping	钱包	上海	iphone	1.0
2017-09-01	wangping	蕾丝裙	上海	iphone	2.0
2017-09-02	yaojie	袜子	上海	iphone	1.0
2017-09-02	zhangjun	皮鞋	上海	iphone	2.0
2017-09-02	lyn	连衣裙	上海	android	1.0
2017-09-02	lyn	袜子	南京	android	1.0
2017-09-02	wangping	高跟鞋	上海	iphone	1.0
2017-09-01	yaojie	皮鞋	上海	iphone	2.0
2017-09-02	lyn	钱包	上海	android	2.0
2017-09-02	yaojie	连衣裙	南京	iphone	2.0
2017-09-01	wangping	蕾丝裙	上海	android	2.0
2017-09-02	jhp	大数据	上海	iphone	2.0
2017-09-01	lyn	双截棍	上海	android	2.0
2017-09-02	yy	双截棍	南京	iphone	2.0
2017-09-01	jhp	皮鞋	南京	android	2.0
2017-09-01	yaojie	吊带裙	上海	iphone	2.0
2017-09-01	jhp	钱包	上海	android	1.0
2017-09-02	yaojie	皮鞋	上海	iphone	2.0
2017-09-01	yy	连衣裙	南京	android	2.0
2017-09-01	yy	连衣裙	上海	android	2.0
2017-09-02	jhp	吊带裙	上海	android	2.0
2017-09-01	liaijun	蕾丝裙	南京	android	1.0
2017-09-01	wangping	连衣裙	南京	iphone	1.0
2017-09-02	liaijun	双截棍	南京	iphone	1.0
2017-09-01	liaijun	袜子	上海	iphone	2.0
2017-09-01	jhp	皮鞋	南京	android	1.0
2017-09-02	yaojie	吊带裙	上海	iphone	1.0
2017-09-02	jhp	人工智能	上海	android	2.0
2017-09-02	yaojie	钱包	南京	android	2.0
2017-09-01	zhangjun	蕾丝裙	南京	iphone	2.0
2017-09-01	jhp	机器学习	上海	iphone	1.0
2017-09-02	yy	钱包	上海	android	1.0
2017-09-01	wangping	高跟鞋	上海	iphone	2.0
2017-09-02	yy	吊带裙	南京	android	1.0
2017-09-01	jhp	高跟鞋	上海	iphone	1.0
2017-09-02	liaijun	连衣裙	上海	android	2.0
2017-09-01	lyn	吊带裙	上海	iphone	1.0
2017-09-02	lyn	连衣裙	上海	iphone	2.0
2017-09-02	wangping	蕾丝裙	上海	android	1.0
2017-09-02	yaojie	连衣裙	上海	android	1.0
2017-09-02	jhp	双截棍	南京	android	2.0
2017-09-01	jhp	连衣裙	南京	iphone	2.0
2017-09-01	lyn	蕾丝裙	南京	android	1.0
2017-09-01	wangping	吊带裙	南京	android	1.0
2017-09-02	liaijun	吊带裙	上海	android	1.0
2017-09-02	wangping	高跟鞋	南京	android	2.0
2017-09-02	lyn	高跟鞋	上海	android	2.0
2017-09-01	liaijun	机器学习	上海	iphone	2.0
2017-09-02	yy	人工智能	南京	iphone	1.0
2017-09-02	jhp	双截棍	南京	iphone	2.0
2017-09-02	liaijun	袜子	上海	iphone	2.0
2017-09-02	yy	吊带裙	上海	iphone	1.0
2017-09-02	szh	高跟鞋	上海	android	2.0
2017-09-02	jhp	蕾丝裙	南京	iphone	1.0
2017-09-01	lyn	人工智能	上海	android	1.0
2017-09-02	yy	连衣裙	上海	android	2.0
2017-09-01	liaijun	吊带裙	南京	iphone	2.0
2017-09-02	yy	吊带裙	南京	android	1.0
2017-09-02	jhp	大数据	南京	android	2.0
2017-09-01	lyn	高跟鞋	南京	iphone	1.0
2017-09-02	zhangjun	钱包	上海	android	2.0
2017-09-02	yy	连衣裙	上海	android	1.0
2017-09-02	yy	皮鞋	南京	iphone	2.0
2017-09-02	zhangjun	人工智能	上海	iphone	2.0
2017-09-02	yy	钱包	南京	iphone	2.0
2017-09-02	wangping	大数据	上海	android	2.0
2017-09-01	zhangjun	高跟鞋	上海	android	1.0
2017-09-01	szh	机器学习	上海	android	1.0
2017-09-02	yy	吊带裙	上海	android	2.0
2017-09-01	yaojie	双截棍	南京	android	2.0
2017-09-02	zhangjun	高跟鞋	南京	iphone	2.0
2017-09-02	wangping	大数据	南京	android	2.0
2017-09-02	jhp	皮鞋	南京	iphone	2.0
2017-09-01	yaojie	袜子	上海	android	1.0
2017-09-02	zhangjun	机器学习	南京	android	2.0
2017-09-01	yaojie	吊带裙	上海	iphone	2.0
2017-09-02	zhangjun	机器学习	上海	iphone	1.0
2017-09-02	szh	人工智能	上海	android	1.0
2017-09-01	lyn	双截棍	南京	android	2.0
2017-09-01	yaojie	袜子	南京	iphone	1.0
2017-09-01	yy	蕾丝裙	南京	iphone	2.0
2017-09-01	yy	皮鞋	南京	android	1.0
2017-09-02	szh	袜子	上海	iphone	2.0
2017-09-01	liaijun	机器学习	上海	android	1.0
2017-09-02	lyn	蕾丝裙	南京	android	2.0
2017-09-01	szh	大数据	南京	android	1.0
2017-09-01	zhangjun	连衣裙	上海	iphone	1.0
2017-09-01	szh	大数据	上海	iphone	1.0
2017-09-02	liaijun	人工智能	上海	iphone	1.0
2017-09-02	jhp	吊带裙	上海	android	1.0
2017-09-02	lyn	蕾丝裙	上海	iphone	2.0
2017-09-01	lyn	机器学习	上海	android	1.0
2017-09-02	zhangjun	双截棍	上海	iphone	1.0
2017-09-01	lyn	双截棍	南京	android	2.0
2017-09-01	zhangjun	高跟鞋	上海	android	2.0
2017-09-01	liaijun	皮鞋	上海	android	2.0
2017-09-02	wangping	高跟鞋	上海	iphone	2.0
2017-09-02	yy	高跟鞋	上海	android	2.0
2017-09-01	szh	钱包	上海	iphone	2.0
2017-09-01	liaijun	蕾丝裙	南京	android	2.0
2017-09-02	wangping	连衣裙	南京	iphone	1.0
2017-09-01	wangping	钱包	南京	android	1.0
2017-09-01	liaijun	大数据	南京	android	1.0
2017-09-02	lyn	皮鞋	南京	android	2.0
2017-09-02	yy	双截棍	南京	android	1.0
2017-09-01	wangping	双截棍	南京	android	1.0
2017-09-01	yy	双截棍	上海	iphone	1.0
2017-09-01	yy	连衣裙	南京	android	1.0
2017-09-02	zhangjun	大数据	南京	iphone	1.0
2017-09-01	jhp	袜子	南京	android	2.0
2017-09-01	zhangjun	双截棍	南京	iphone	2.0
2017-09-01	lyn	袜子	上海	android	1.0
2017-09-02	lyn	蕾丝裙	南京	android	1.0
2017-09-01	wangping	吊带裙	上海	android	2.0
2017-09-02	jhp	连衣裙	上海	iphone	2.0
2017-09-02	yy	人工智能	南京	android	1.0
2017-09-01	jhp	连衣裙	南京	iphone	2.0
2017-09-02	yaojie	吊带裙	南京	iphone	1.0
2017-09-01	liaijun	机器学习	上海	android	1.0
2017-09-01	jhp	双截棍	南京	iphone	1.0
2017-09-02	lyn	机器学习	南京	iphone	1.0
2017-09-01	yaojie	大数据	上海	iphone	2.0
2017-09-01	zhangjun	机器学习	上海	iphone	1.0
2017-09-02	jhp	高跟鞋	上海	iphone	2.0
2017-09-01	wangping	机器学习	上海	android	1.0
2017-09-02	szh	蕾丝裙	南京	iphone	1.0
2017-09-01	yaojie	人工智能	上海	android	2.0
2017-09-01	szh	大数据	上海	android	1.0
2017-09-01	lyn	双截棍	南京	iphone	2.0
2017-09-01	jhp	吊带裙	上海	android	2.0
2017-09-02	wangping	大数据	南京	android	1.0
2017-09-01	liaijun	机器学习	上海	iphone	2.0
2017-09-01	yy	机器学习	南京	iphone	1.0
2017-09-01	zhangjun	人工智能	南京	iphone	2.0
2017-09-02	wangping	吊带裙	上海	android	2.0
2017-09-01	szh	连衣裙	上海	iphone	2.0
2017-09-01	wangping	高跟鞋	南京	iphone	1.0
2017-09-02	yaojie	机器学习	上海	iphone	2.0
2017-09-02	liaijun	双截棍	南京	iphone	1.0
2017-09-01	szh	皮鞋	上海	android	2.0
2017-09-02	yy	连衣裙	南京	android	2.0
2017-09-01	wangping	钱包	南京	android	2.0
2017-09-02	lyn	高跟鞋	上海	iphone	1.0
2017-09-01	yy	钱包	上海	android	1.0
2017-09-02	liaijun	双截棍	南京	iphone	2.0
2017-09-01	jhp	高跟鞋	上海	android	2.0
2017-09-01	wangping	钱包	南京	iphone	1.0
2017-09-01	liaijun	皮鞋	上海	android	1.0
2017-09-02	lyn	吊带裙	南京	android	1.0
2017-09-02	lyn	钱包	上海	android	2.0
2017-09-02	yy	袜子	上海	android	2.0
2017-09-01	yy	皮鞋	南京	iphone	1.0
2017-09-01	jhp	吊带裙	南京	iphone	2.0
2017-09-01	liaijun	钱包	上海	iphone	1.0
2017-09-01	lyn	人工智能	上海	android	2.0
2017-09-01	yy	钱包	南京	android	1.0
2017-09-02	lyn	袜子	南京	iphone	1.0
2017-09-01	yy	钱包	上海	iphone	2.0
2017-09-02	liaijun	双截棍	上海	android	1.0
2017-09-02	liaijun	连衣裙	上海	iphone	2.0
2017-09-01	lyn	钱包	上海	android	1.0
2017-09-01	lyn	大数据	上海	iphone	2.0
2017-09-01	jhp	大数据	上海	android	2.0
2017-09-01	szh	吊带裙	南京	android	1.0
2017-09-02	jhp	人工智能	南京	android	2.0
2017-09-02	yaojie	蕾丝裙	南京	iphone	2.0
2017-09-02	lyn	皮鞋	上海	iphone	1.0
2017-09-02	liaijun	蕾丝裙	上海	android	1.0
2017-09-01	jhp	皮鞋	南京	iphone	2.0
2017-09-01	wangping	吊带裙	上海	iphone	1.0
2017-09-01	szh	钱包	南京	android	2.0
2017-09-01	szh	皮鞋	南京	iphone	2.0
2017-09-01	wangping	机器学习	南京	iphone	2.0
2017-09-02	szh	大数据	南京	android	2.0
2017-09-01	liaijun	吊带裙	南京	android	1.0
2017-09-02	zhangjun	连衣裙	上海	android	2.0
2017-09-02	zhangjun	蕾丝裙	南京	iphone	1.0
2017-09-01	yy	人工智能	南京	iphone	1.0
2017-09-02	jhp	机器学习	南京	android	1.0
2017-09-01	yy	袜子	南京	android	2.0
2017-09-02	yy	袜子	南京	iphone	2.0
2017-09-01	szh	蕾丝裙	上海	iphone	2.0
2017-09-02	szh	人工智能	南京	android	1.0
2017-09-02	yy	大数据	南京	iphone	1.0
2017-09-01	wangping	钱包	南京	android	2.0
2017-09-02	wangping	机器学习	南京	android	2.0
2017-09-02	zhangjun	连衣裙	上海	iphone	1.0
2017-09-02	zhangjun	高跟鞋	南京	android	1.0
2017-09-01	lyn	双截棍	南京	iphone	1.0
2017-09-02	szh	吊带裙	上海	iphone	2.0
2017-09-02	yy	袜子	南京	android	1.0
2017-09-01	liaijun	吊带裙	上海	android	2.0
2017-09-01	yaojie	大数据	南京	iphone	2.0
2017-09-01	lyn	机器学习	上海	android	2.0
2017-09-02	yy	连衣裙	南京	iphone	1.0
2017-09-02	yaojie	吊带裙	南京	android	1.0
2017-09-02	yy	连衣裙	上海	android	2.0
2017-09-01	liaijun	大数据	上海	iphone	2.0
2017-09-02	lyn	高跟鞋	南京	iphone	1.0
2017-09-02	yy	大数据	上海	android	1.0
2017-09-02	yaojie	皮鞋	南京	iphone	2.0
2017-09-01	liaijun	大数据	上海	android	1.0
2017-09-01	lyn	大数据	南京	android	2.0
2017-09-02	liaijun	双截棍	上海	iphone	2.0
2017-09-01	liaijun	袜子	南京	iphone	1.0
2017-09-02	yaojie	皮鞋	上海	android	2.0
2017-09-02	liaijun	人工智能	南京	android	1.0
2017-09-01	szh	吊带裙	南京	android	2.0
2017-09-01	yy	高跟鞋	上海	iphone	2.0
2017-09-02	zhangjun	连衣裙	南京	android	1.0
2017-09-01	lyn	双截棍	上海	iphone	1.0
2017-09-01	szh	皮鞋	南京	android	1.0
2017-09-02	liaijun	蕾丝裙	上海	iphone	2.0
2017-09-01	jhp	机器学习	上海	android	2.0
2017-09-01	zhangjun	双截棍	南京	iphone	2.0
2017-09-01	jhp	吊带裙	上海	iphone	2.0
2017-09-01	wangping	机器学习	上海	iphone	1.0
2017-09-02	wangping	机器学习	上海	iphone	1.0
2017-09-01	zhangjun	袜子	南京	android	1.0
2017-09-02	jhp	双截棍	南京	android	2.0
2017-09-01	liaijun	蕾丝裙	上海	iphone	1.0
2017-09-01	jhp	皮鞋	上海	iphone	1.0
2017-09-01	zhangjun	双截棍	南京	android	1.0
2017-09-01	lyn	机器学习	上海	iphone	1.0
2017-09-02	szh	机器学习	上海	iphone	1.0
2017-09-01	szh	袜子	南京	iphone	1.0
2017-09-01	lyn	双截棍	上海	android	2.0
2017-09-02	yaojie	吊带裙	上海	iphone	1.0
2017-09-01	szh	双截棍	南京	android	1.0
2017-09-01	szh	大数据	上海	iphone	2.0
2017-09-01	zhangjun	连衣裙	上海	iphone	2.0
2017-09-01	yaojie	机器学习	上海	iphone	1.0
2017-09-01	yy	大数据	南京	android	1.0
2017-09-02	zhangjun	吊带裙	南京	iphone	1.0
2017-09-02	zhangjun	吊带裙	上海	iphone	2.0
2017-09-01	jhp	蕾丝裙	南京	android	2.0
2017-09-01	yy	连衣裙	上海	android	2.0
2017-09-02	zhangjun	钱包	上海	android	2.0
2017-09-01	yaojie	皮鞋	上海	android	1.0
2017-09-02	szh	钱包	上海	iphone	1.0
2017-09-01	zhangjun	人工智能	上海	iphone	2.0
2017-09-02	yy	皮鞋	南京	android	2.0
2017-09-02	jhp	人工智能	南京	android	1.0
2017-09-02	lyn	高跟鞋	南京	iphone	1.0
2017-09-01	wangping	连衣裙	南京	android	1.0
2017-09-02	yaojie	人工智能	南京	iphone	1.0
2017-09-01	liaijun	皮鞋	上海	android	2.0
2017-09-02	zhangjun	高跟鞋	上海	android	1.0
2017-09-02	liaijun	皮鞋	上海	iphone	1.0
2017-09-02	jhp	蕾丝裙	上海	iphone	2.0
2017-09-02	jhp	袜子	上海	iphone	2.0
2017-09-02	szh	大数据	上海	android	1.0
2017-09-02	yy	人工智能	上海	iphone	2.0
